<?xml version="1.0" encoding="UTF-8"?>
<testsuite xmlns:xsi="http://www.w3.org/2001/XMLSchema-instance" xsi:noNamespaceSchemaLocation="https://maven.apache.org/surefire/maven-surefire-plugin/xsd/surefire-test-report.xsd" version="3.0.1" name="com.supercharger.functional.MainMenuTest" time="1.472" tests="5" errors="5" skipped="0" failures="0">
  <properties>
[...]
</properties>
  <testcase name="testBotonListados" classname="com.supercharger.functional.MainMenuTest" time="0.734">
    <error message="java.util.concurrent.ExecutionException: java.lang.NoClassDefFoundError: Could not initialize class com.supercharger.util.HibernateUtil" type="java.lang.RuntimeException"><![CDATA[java.lang.RuntimeException: java.util.concurrent.ExecutionException: java.lang.NoClassDefFoundError: Could not initialize class com.supercharger.util.HibernateUtil
	at org.testfx.util.WaitForAsyncUtils.waitFor(WaitForAsyncUtils.java:301)
	at org.testfx.api.FxToolkit.waitForSetup(FxToolkit.java:244)
	at org.testfx.api.FxToolkit.setupApplication(FxToolkit.java:153)
	at org.testfx.framework.junit5.ApplicationTest.internalBefore(ApplicationTest.java:42)
	at java.base/java.lang.reflect.Method.invoke(Method.java:580)
	at java.base/java.util.ArrayList.forEach(ArrayList.java:1597)
	at java.base/java.util.ArrayList.forEach(ArrayList.java:1597)
Caused by: java.util.concurrent.ExecutionException: java.lang.NoClassDefFoundError: Could not initialize class com.supercharger.util.HibernateUtil
	at java.base/java.util.concurrent.FutureTask.report(FutureTask.java:122)
	at java.base/java.util.concurrent.FutureTask.get(FutureTask.java:191)
	at org.testfx.util.WaitForAsyncUtils$ASyncFXCallable.get(WaitForAsyncUtils.java:696)
	at org.testfx.toolkit.impl.ToolkitServiceImpl.lambda$setupApplication$6(ToolkitServiceImpl.java:127)
	at java.base/java.util.concurrent.FutureTask.run(FutureTask.java:317)
	at java.base/java.util.concurrent.Executors$RunnableAdapter.call(Executors.java:572)
	at java.base/java.util.concurrent.FutureTask.run(FutureTask.java:317)
	at java.base/java.util.concurrent.ThreadPoolExecutor.runWorker(ThreadPoolExecutor.java:1144)
	at java.base/java.util.concurrent.ThreadPoolExecutor$Worker.run(ThreadPoolExecutor.java:642)
	at java.base/java.lang.Thread.run(Thread.java:1575)
Caused by: java.lang.NoClassDefFoundError: Could not initialize class com.supercharger.util.HibernateUtil
	at com.supercharger.MainMenu.initializeDatabase(MainMenu.java:67)
	at com.supercharger.MainMenu.start(MainMenu.java:27)
	at com.supercharger.functional.MainMenuTest.start(MainMenuTest.java:15)
	at org.testfx.framework.junit5.ApplicationAdapter.start(ApplicationAdapter.java:37)
	at org.testfx.toolkit.impl.ApplicationServiceImpl.lambda$start$0(ApplicationServiceImpl.java:49)
	at java.base/java.util.concurrent.FutureTask.run(FutureTask.java:317)
	at com.sun.javafx.application.PlatformImpl.lambda$runLater$10(PlatformImpl.java:456)
	at java.base/java.security.AccessController.doPrivileged(AccessController.java:400)
	at com.sun.javafx.application.PlatformImpl.lambda$runLater$11(PlatformImpl.java:455)
	at com.sun.glass.ui.InvokeLaterDispatcher$Future.run(InvokeLaterDispatcher.java:95)
	at com.sun.glass.ui.win.WinApplication._runLoop(Native Method)
	at com.sun.glass.ui.win.WinApplication.lambda$runLoop$3(WinApplication.java:185)
	... 1 more
Caused by: java.lang.ExceptionInInitializerError: Exception java.lang.ExceptionInInitializerError: Failed to create SessionFactory. Check configuration and logs. [in thread "main"]
	at com.supercharger.util.HibernateUtil.buildSessionFactory(HibernateUtil.java:28)
	at com.supercharger.util.HibernateUtil.<clinit>(HibernateUtil.java:12)
	at com.supercharger.dao.TurnoDAO.eliminarTodos(TurnoDAO.java:62)
	at com.supercharger.dao.TurnoDAOTest.setup(TurnoDAOTest.java:20)
	at java.base/java.lang.reflect.Method.invoke(Method.java:580)
	at java.base/java.util.ArrayList.forEach(ArrayList.java:1597)
	at java.base/java.util.ArrayList.forEach(ArrayList.java:1597)
]]></error>
    <system-err><![CDATA[dic 10, 2024 5:16:48 P. M. com.sun.javafx.application.PlatformImpl startup
WARNING: Unsupported JavaFX configuration: classes were loaded from 'unnamed module @5579bb86'
--- Exception in Async Thread ---
java.lang.NoClassDefFoundError: Could not initialize class com.supercharger.util.HibernateUtil
	com.supercharger.MainMenu.initializeDatabase(MainMenu.java:67)
	com.supercharger.MainMenu.start(MainMenu.java:27)
	com.supercharger.functional.MainMenuTest.start(MainMenuTest.java:15)
	org.testfx.framework.junit5.ApplicationAdapter.start(ApplicationAdapter.java:37)
	org.testfx.toolkit.impl.ApplicationServiceImpl.lambda$start$0(ApplicationServiceImpl.java:49)
	java.base/java.util.concurrent.FutureTask.run(FutureTask.java:317)
	com.sun.javafx.application.PlatformImpl.lambda$runLater$10(PlatformImpl.java:456)
	java.base/java.security.AccessController.doPrivileged(AccessController.java:400)
	com.sun.javafx.application.PlatformImpl.lambda$runLater$11(PlatformImpl.java:455)
	com.sun.glass.ui.InvokeLaterDispatcher$Future.run(InvokeLaterDispatcher.java:95)
	com.sun.glass.ui.win.WinApplication._runLoop(Native Method)
	com.sun.glass.ui.win.WinApplication.lambda$runLoop$3(WinApplication.java:185)
	java.base/java.lang.Thread.run(Thread.java:1575)
java.lang.ExceptionInInitializerError: Exception java.lang.ExceptionInInitializerError: Failed to create SessionFactory. Check configuration and logs. [in thread "main"]
	com.supercharger.util.HibernateUtil.buildSessionFactory(HibernateUtil.java:28)
	com.supercharger.util.HibernateUtil.<clinit>(HibernateUtil.java:12)
	com.supercharger.dao.TurnoDAO.eliminarTodos(TurnoDAO.java:62)
	com.supercharger.dao.TurnoDAOTest.setup(TurnoDAOTest.java:20)
	java.base/java.lang.reflect.Method.invoke(Method.java:580)
	java.base/java.util.ArrayList.forEach(ArrayList.java:1597)
	java.base/java.util.ArrayList.forEach(ArrayList.java:1597)
--- Trace of caller of unhandled exception in Async Thread ---
	java.base/java.lang.Thread.getStackTrace(Thread.java:2389)
	org.testfx.util.WaitForAsyncUtils$ASyncFXCallable.<init>(WaitForAsyncUtils.java:649)
	org.testfx.util.WaitForAsyncUtils.asyncFx(WaitForAsyncUtils.java:257)
	org.testfx.toolkit.impl.ApplicationServiceImpl.start(ApplicationServiceImpl.java:48)
	org.testfx.toolkit.impl.ToolkitServiceImpl.lambda$setupApplication$6(ToolkitServiceImpl.java:127)
	java.base/java.util.concurrent.FutureTask.run(FutureTask.java:317)
	java.base/java.util.concurrent.Executors$RunnableAdapter.call(Executors.java:572)
	java.base/java.util.concurrent.FutureTask.run(FutureTask.java:317)
	java.base/java.util.concurrent.ThreadPoolExecutor.runWorker(ThreadPoolExecutor.java:1144)
	java.base/java.util.concurrent.ThreadPoolExecutor$Worker.run(ThreadPoolExecutor.java:642)
	java.base/java.lang.Thread.run(Thread.java:1575)

--- Exception in Async Thread ---
java.util.concurrent.ExecutionException: java.lang.NoClassDefFoundError: Could not initialize class com.supercharger.util.HibernateUtil
	java.base/java.util.concurrent.FutureTask.report(FutureTask.java:122)
	java.base/java.util.concurrent.FutureTask.get(FutureTask.java:191)
	org.testfx.util.WaitForAsyncUtils$ASyncFXCallable.get(WaitForAsyncUtils.java:696)
	org.testfx.toolkit.impl.ToolkitServiceImpl.lambda$setupApplication$6(ToolkitServiceImpl.java:127)
	java.base/java.util.concurrent.FutureTask.run(FutureTask.java:317)
	java.base/java.util.concurrent.Executors$RunnableAdapter.call(Executors.java:572)
	java.base/java.util.concurrent.FutureTask.run(FutureTask.java:317)
	java.base/java.util.concurrent.ThreadPoolExecutor.runWorker(ThreadPoolExecutor.java:1144)
	java.base/java.util.concurrent.ThreadPoolExecutor$Worker.run(ThreadPoolExecutor.java:642)
	java.base/java.lang.Thread.run(Thread.java:1575)
java.lang.NoClassDefFoundError: Could not initialize class com.supercharger.util.HibernateUtil
	com.supercharger.MainMenu.initializeDatabase(MainMenu.java:67)
	com.supercharger.MainMenu.start(MainMenu.java:27)
	com.supercharger.functional.MainMenuTest.start(MainMenuTest.java:15)
	org.testfx.framework.junit5.ApplicationAdapter.start(ApplicationAdapter.java:37)
	org.testfx.toolkit.impl.ApplicationServiceImpl.lambda$start$0(ApplicationServiceImpl.java:49)
	java.base/java.util.concurrent.FutureTask.run(FutureTask.java:317)
	com.sun.javafx.application.PlatformImpl.lambda$runLater$10(PlatformImpl.java:456)
	java.base/java.security.AccessController.doPrivileged(AccessController.java:400)
	com.sun.javafx.application.PlatformImpl.lambda$runLater$11(PlatformImpl.java:455)
	com.sun.glass.ui.InvokeLaterDispatcher$Future.run(InvokeLaterDispatcher.java:95)
	com.sun.glass.ui.win.WinApplication._runLoop(Native Method)
	com.sun.glass.ui.win.WinApplication.lambda$runLoop$3(WinApplication.java:185)
	java.base/java.lang.Thread.run(Thread.java:1575)
java.lang.ExceptionInInitializerError: Exception java.lang.ExceptionInInitializerError: Failed to create SessionFactory. Check configuration and logs. [in thread "main"]
	com.supercharger.util.HibernateUtil.buildSessionFactory(HibernateUtil.java:28)
	com.supercharger.util.HibernateUtil.<clinit>(HibernateUtil.java:12)
	com.supercharger.dao.TurnoDAO.eliminarTodos(TurnoDAO.java:62)
	com.supercharger.dao.TurnoDAOTest.setup(TurnoDAOTest.java:20)
	java.base/java.lang.reflect.Method.invoke(Method.java:580)
	java.base/java.util.ArrayList.forEach(ArrayList.java:1597)
	java.base/java.util.ArrayList.forEach(ArrayList.java:1597)
--- Trace of caller of unhandled exception in Async Thread ---
	java.base/java.lang.Thread.getStackTrace(Thread.java:2389)
	org.testfx.util.WaitForAsyncUtils$ASyncFXCallable.<init>(WaitForAsyncUtils.java:649)
	org.testfx.util.WaitForAsyncUtils.async(WaitForAsyncUtils.java:192)
	org.testfx.toolkit.impl.ToolkitServiceImpl.setupApplication(ToolkitServiceImpl.java:123)
	org.testfx.api.FxToolkit.setupApplication(FxToolkit.java:153)
	org.testfx.framework.junit5.ApplicationTest.internalBefore(ApplicationTest.java:42)
	java.base/jdk.internal.reflect.DirectMethodHandleAccessor.invoke(DirectMethodHandleAccessor.java:103)
	java.base/java.lang.reflect.Method.invoke(Method.java:580)
	org.junit.platform.commons.util.ReflectionUtils.invokeMethod(ReflectionUtils.java:766)
	org.junit.jupiter.engine.execution.MethodInvocation.proceed(MethodInvocation.java:60)
	org.junit.jupiter.engine.execution.InvocationInterceptorChain$ValidatingInvocation.proceed(InvocationInterceptorChain.java:131)
	org.junit.jupiter.engine.extension.TimeoutExtension.intercept(TimeoutExtension.java:156)
	org.junit.jupiter.engine.extension.TimeoutExtension.interceptLifecycleMethod(TimeoutExtension.java:128)
	org.junit.jupiter.engine.extension.TimeoutExtension.interceptBeforeEachMethod(TimeoutExtension.java:78)
	org.junit.jupiter.engine.execution.InterceptingExecutableInvoker$ReflectiveInterceptorCall.lambda$ofVoidMethod$0(InterceptingExecutableInvoker.java:103)
	org.junit.jupiter.engine.execution.InterceptingExecutableInvoker.lambda$invoke$0(InterceptingExecutableInvoker.java:93)
	org.junit.jupiter.engine.execution.InvocationInterceptorChain$InterceptedInvocation.proceed(InvocationInterceptorChain.java:106)
	org.junit.jupiter.engine.execution.InvocationInterceptorChain.proceed(InvocationInterceptorChain.java:64)
	org.junit.jupiter.engine.execution.InvocationInterceptorChain.chainAndInvoke(InvocationInterceptorChain.java:45)
	org.junit.jupiter.engine.execution.InvocationInterceptorChain.invoke(InvocationInterceptorChain.java:37)
	org.junit.jupiter.engine.execution.InterceptingExecutableInvoker.invoke(InterceptingExecutableInvoker.java:92)
	org.junit.jupiter.engine.execution.InterceptingExecutableInvoker.invoke(InterceptingExecutableInvoker.java:86)
	org.junit.jupiter.engine.descriptor.ClassBasedTestDescriptor.invokeMethodInExtensionContext(ClassBasedTestDescriptor.java:521)
	org.junit.jupiter.engine.descriptor.ClassBasedTestDescriptor.lambda$synthesizeBeforeEachMethodAdapter$24(ClassBasedTestDescriptor.java:506)
	org.junit.jupiter.engine.descriptor.TestMethodTestDescriptor.lambda$invokeBeforeEachMethods$4(TestMethodTestDescriptor.java:174)
	org.junit.jupiter.engine.descriptor.TestMethodTestDescriptor.lambda$invokeBeforeMethodsOrCallbacksUntilExceptionOccurs$7(TestMethodTestDescriptor.java:202)
	org.junit.platform.engine.support.hierarchical.ThrowableCollector.execute(ThrowableCollector.java:73)
	org.junit.jupiter.engine.descriptor.TestMethodTestDescriptor.invokeBeforeMethodsOrCallbacksUntilExceptionOccurs(TestMethodTestDescriptor.java:202)
	org.junit.jupiter.engine.descriptor.TestMethodTestDescriptor.invokeBeforeEachMethods(TestMethodTestDescriptor.java:171)
	org.junit.jupiter.engine.descriptor.TestMethodTestDescriptor.execute(TestMethodTestDescriptor.java:134)
	org.junit.jupiter.engine.descriptor.TestMethodTestDescriptor.execute(TestMethodTestDescriptor.java:68)
	org.junit.platform.engine.support.hierarchical.NodeTestTask.lambda$executeRecursively$6(NodeTestTask.java:151)
	org.junit.platform.engine.support.hierarchical.ThrowableCollector.execute(ThrowableCollector.java:73)
	org.junit.platform.engine.support.hierarchical.NodeTestTask.lambda$executeRecursively$8(NodeTestTask.java:141)
	org.junit.platform.engine.support.hierarchical.Node.around(Node.java:137)
	org.junit.platform.engine.support.hierarchical.NodeTestTask.lambda$executeRecursively$9(NodeTestTask.java:139)
	org.junit.platform.engine.support.hierarchical.ThrowableCollector.execute(ThrowableCollector.java:73)
	org.junit.platform.engine.support.hierarchical.NodeTestTask.executeRecursively(NodeTestTask.java:138)
	org.junit.platform.engine.support.hierarchical.NodeTestTask.execute(NodeTestTask.java:95)
	java.base/java.util.ArrayList.forEach(ArrayList.java:1597)
	org.junit.platform.engine.support.hierarchical.SameThreadHierarchicalTestExecutorService.invokeAll(SameThreadHierarchicalTestExecutorService.java:41)
	org.junit.platform.engine.support.hierarchical.NodeTestTask.lambda$executeRecursively$6(NodeTestTask.java:155)
	org.junit.platform.engine.support.hierarchical.ThrowableCollector.execute(ThrowableCollector.java:73)
	org.junit.platform.engine.support.hierarchical.NodeTestTask.lambda$executeRecursively$8(NodeTestTask.java:141)
	org.junit.platform.engine.support.hierarchical.Node.around(Node.java:137)
	org.junit.platform.engine.support.hierarchical.NodeTestTask.lambda$executeRecursively$9(NodeTestTask.java:139)
	org.junit.platform.engine.support.hierarchical.ThrowableCollector.execute(ThrowableCollector.java:73)
	org.junit.platform.engine.support.hierarchical.NodeTestTask.executeRecursively(NodeTestTask.java:138)
	org.junit.platform.engine.support.hierarchical.NodeTestTask.execute(NodeTestTask.java:95)
	java.base/java.util.ArrayList.forEach(ArrayList.java:1597)
	org.junit.platform.engine.support.hierarchical.SameThreadHierarchicalTestExecutorService.invokeAll(SameThreadHierarchicalTestExecutorService.java:41)
	org.junit.platform.engine.support.hierarchical.NodeTestTask.lambda$executeRecursively$6(NodeTestTask.java:155)
	org.junit.platform.engine.support.hierarchical.ThrowableCollector.execute(ThrowableCollector.java:73)
	org.junit.platform.engine.support.hierarchical.NodeTestTask.lambda$executeRecursively$8(NodeTestTask.java:141)
	org.junit.platform.engine.support.hierarchical.Node.around(Node.java:137)
	org.junit.platform.engine.support.hierarchical.NodeTestTask.lambda$executeRecursively$9(NodeTestTask.java:139)
	org.junit.platform.engine.support.hierarchical.ThrowableCollector.execute(ThrowableCollector.java:73)
	org.junit.platform.engine.support.hierarchical.NodeTestTask.executeRecursively(NodeTestTask.java:138)
	org.junit.platform.engine.support.hierarchical.NodeTestTask.execute(NodeTestTask.java:95)
	org.junit.platform.engine.support.hierarchical.SameThreadHierarchicalTestExecutorService.submit(SameThreadHierarchicalTestExecutorService.java:35)
	org.junit.platform.engine.support.hierarchical.HierarchicalTestExecutor.execute(HierarchicalTestExecutor.java:57)
	org.junit.platform.engine.support.hierarchical.HierarchicalTestEngine.execute(HierarchicalTestEngine.java:54)
	org.junit.platform.launcher.core.EngineExecutionOrchestrator.execute(EngineExecutionOrchestrator.java:198)
	org.junit.platform.launcher.core.EngineExecutionOrchestrator.execute(EngineExecutionOrchestrator.java:169)
	org.junit.platform.launcher.core.EngineExecutionOrchestrator.execute(EngineExecutionOrchestrator.java:93)
	org.junit.platform.launcher.core.EngineExecutionOrchestrator.lambda$execute$0(EngineExecutionOrchestrator.java:58)
	org.junit.platform.launcher.core.EngineExecutionOrchestrator.withInterceptedStreams(EngineExecutionOrchestrator.java:141)
	org.junit.platform.launcher.core.EngineExecutionOrchestrator.execute(EngineExecutionOrchestrator.java:57)
	org.junit.platform.launcher.core.DefaultLauncher.execute(DefaultLauncher.java:103)
	org.junit.platform.launcher.core.DefaultLauncher.execute(DefaultLauncher.java:85)
	org.junit.platform.launcher.core.DelegatingLauncher.execute(DelegatingLauncher.java:47)
	org.apache.maven.surefire.junitplatform.LazyLauncher.execute(LazyLauncher.java:56)
	org.apache.maven.surefire.junitplatform.JUnitPlatformProvider.execute(JUnitPlatformProvider.java:184)
	org.apache.maven.surefire.junitplatform.JUnitPlatformProvider.invokeAllTests(JUnitPlatformProvider.java:148)
	org.apache.maven.surefire.junitplatform.JUnitPlatformProvider.invoke(JUnitPlatformProvider.java:122)
	org.apache.maven.surefire.booter.ForkedBooter.runSuitesInProcess(ForkedBooter.java:385)
	org.apache.maven.surefire.booter.ForkedBooter.execute(ForkedBooter.java:162)
	org.apache.maven.surefire.booter.ForkedBooter.run(ForkedBooter.java:507)
	org.apache.maven.surefire.booter.ForkedBooter.main(ForkedBooter.java:495)

]]></system-err>
  </testcase>
  <testcase name="testBotonSolicitarTurno" classname="com.supercharger.functional.MainMenuTest" time="0.174">
    <error message="java.util.concurrent.ExecutionException: java.lang.NoClassDefFoundError: Could not initialize class com.supercharger.util.HibernateUtil" type="java.lang.RuntimeException"><![CDATA[java.lang.RuntimeException: java.util.concurrent.ExecutionException: java.lang.NoClassDefFoundError: Could not initialize class com.supercharger.util.HibernateUtil
	at org.testfx.util.WaitForAsyncUtils.waitFor(WaitForAsyncUtils.java:301)
	at org.testfx.api.FxToolkit.waitForSetup(FxToolkit.java:244)
	at org.testfx.api.FxToolkit.setupApplication(FxToolkit.java:153)
	at org.testfx.framework.junit5.ApplicationTest.internalBefore(ApplicationTest.java:42)
	at java.base/java.lang.reflect.Method.invoke(Method.java:580)
	at java.base/java.util.ArrayList.forEach(ArrayList.java:1597)
	at java.base/java.util.ArrayList.forEach(ArrayList.java:1597)
Caused by: java.util.concurrent.ExecutionException: java.lang.NoClassDefFoundError: Could not initialize class com.supercharger.util.HibernateUtil
	at java.base/java.util.concurrent.FutureTask.report(FutureTask.java:122)
	at java.base/java.util.concurrent.FutureTask.get(FutureTask.java:191)
	at org.testfx.util.WaitForAsyncUtils$ASyncFXCallable.get(WaitForAsyncUtils.java:696)
	at org.testfx.toolkit.impl.ToolkitServiceImpl.lambda$setupApplication$6(ToolkitServiceImpl.java:127)
	at java.base/java.util.concurrent.FutureTask.run(FutureTask.java:317)
	at java.base/java.util.concurrent.Executors$RunnableAdapter.call(Executors.java:572)
	at java.base/java.util.concurrent.FutureTask.run(FutureTask.java:317)
	at java.base/java.util.concurrent.ThreadPoolExecutor.runWorker(ThreadPoolExecutor.java:1144)
	at java.base/java.util.concurrent.ThreadPoolExecutor$Worker.run(ThreadPoolExecutor.java:642)
	at java.base/java.lang.Thread.run(Thread.java:1575)
Caused by: java.lang.NoClassDefFoundError: Could not initialize class com.supercharger.util.HibernateUtil
	at com.supercharger.MainMenu.initializeDatabase(MainMenu.java:67)
	at com.supercharger.MainMenu.start(MainMenu.java:27)
	at com.supercharger.functional.MainMenuTest.start(MainMenuTest.java:15)
	at org.testfx.framework.junit5.ApplicationAdapter.start(ApplicationAdapter.java:37)
	at org.testfx.toolkit.impl.ApplicationServiceImpl.lambda$start$0(ApplicationServiceImpl.java:49)
	at java.base/java.util.concurrent.FutureTask.run(FutureTask.java:317)
	at com.sun.javafx.application.PlatformImpl.lambda$runLater$10(PlatformImpl.java:456)
	at java.base/java.security.AccessController.doPrivileged(AccessController.java:400)
	at com.sun.javafx.application.PlatformImpl.lambda$runLater$11(PlatformImpl.java:455)
	at com.sun.glass.ui.InvokeLaterDispatcher$Future.run(InvokeLaterDispatcher.java:95)
	at com.sun.glass.ui.win.WinApplication._runLoop(Native Method)
	at com.sun.glass.ui.win.WinApplication.lambda$runLoop$3(WinApplication.java:185)
	... 1 more
Caused by: java.lang.ExceptionInInitializerError: Exception java.lang.ExceptionInInitializerError: Failed to create SessionFactory. Check configuration and logs. [in thread "main"]
	at com.supercharger.util.HibernateUtil.buildSessionFactory(HibernateUtil.java:28)
	at com.supercharger.util.HibernateUtil.<clinit>(HibernateUtil.java:12)
	at com.supercharger.dao.TurnoDAO.eliminarTodos(TurnoDAO.java:62)
	at com.supercharger.dao.TurnoDAOTest.setup(TurnoDAOTest.java:20)
	at java.base/java.lang.reflect.Method.invoke(Method.java:580)
	at java.base/java.util.ArrayList.forEach(ArrayList.java:1597)
	at java.base/java.util.ArrayList.forEach(ArrayList.java:1597)
]]></error>
    <system-err><![CDATA[--- Exception in Async Thread ---
java.lang.NoClassDefFoundError: Could not initialize class com.supercharger.util.HibernateUtil
	com.supercharger.MainMenu.initializeDatabase(MainMenu.java:67)
	com.supercharger.MainMenu.start(MainMenu.java:27)
	com.supercharger.functional.MainMenuTest.start(MainMenuTest.java:15)
	org.testfx.framework.junit5.ApplicationAdapter.start(ApplicationAdapter.java:37)
	org.testfx.toolkit.impl.ApplicationServiceImpl.lambda$start$0(ApplicationServiceImpl.java:49)
	java.base/java.util.concurrent.FutureTask.run(FutureTask.java:317)
	com.sun.javafx.application.PlatformImpl.lambda$runLater$10(PlatformImpl.java:456)
	java.base/java.security.AccessController.doPrivileged(AccessController.java:400)
	com.sun.javafx.application.PlatformImpl.lambda$runLater$11(PlatformImpl.java:455)
	com.sun.glass.ui.InvokeLaterDispatcher$Future.run(InvokeLaterDispatcher.java:95)
	com.sun.glass.ui.win.WinApplication._runLoop(Native Method)
	com.sun.glass.ui.win.WinApplication.lambda$runLoop$3(WinApplication.java:185)
	java.base/java.lang.Thread.run(Thread.java:1575)
java.lang.ExceptionInInitializerError: Exception java.lang.ExceptionInInitializerError: Failed to create SessionFactory. Check configuration and logs. [in thread "main"]
	com.supercharger.util.HibernateUtil.buildSessionFactory(HibernateUtil.java:28)
	com.supercharger.util.HibernateUtil.<clinit>(HibernateUtil.java:12)
	com.supercharger.dao.TurnoDAO.eliminarTodos(TurnoDAO.java:62)
	com.supercharger.dao.TurnoDAOTest.setup(TurnoDAOTest.java:20)
	java.base/java.lang.reflect.Method.invoke(Method.java:580)
	java.base/java.util.ArrayList.forEach(ArrayList.java:1597)
	java.base/java.util.ArrayList.forEach(ArrayList.java:1597)
--- Trace of caller of unhandled exception in Async Thread ---
	java.base/java.lang.Thread.getStackTrace(Thread.java:2389)
	org.testfx.util.WaitForAsyncUtils$ASyncFXCallable.<init>(WaitForAsyncUtils.java:649)
	org.testfx.util.WaitForAsyncUtils.asyncFx(WaitForAsyncUtils.java:257)
	org.testfx.toolkit.impl.ApplicationServiceImpl.start(ApplicationServiceImpl.java:48)
	org.testfx.toolkit.impl.ToolkitServiceImpl.lambda$setupApplication$6(ToolkitServiceImpl.java:127)
	java.base/java.util.concurrent.FutureTask.run(FutureTask.java:317)
	java.base/java.util.concurrent.Executors$RunnableAdapter.call(Executors.java:572)
	java.base/java.util.concurrent.FutureTask.run(FutureTask.java:317)
	java.base/java.util.concurrent.ThreadPoolExecutor.runWorker(ThreadPoolExecutor.java:1144)
	java.base/java.util.concurrent.ThreadPoolExecutor$Worker.run(ThreadPoolExecutor.java:642)
	java.base/java.lang.Thread.run(Thread.java:1575)

--- Exception in Async Thread ---
java.util.concurrent.ExecutionException: java.lang.NoClassDefFoundError: Could not initialize class com.supercharger.util.HibernateUtil
	java.base/java.util.concurrent.FutureTask.report(FutureTask.java:122)
	java.base/java.util.concurrent.FutureTask.get(FutureTask.java:191)
	org.testfx.util.WaitForAsyncUtils$ASyncFXCallable.get(WaitForAsyncUtils.java:696)
	org.testfx.toolkit.impl.ToolkitServiceImpl.lambda$setupApplication$6(ToolkitServiceImpl.java:127)
	java.base/java.util.concurrent.FutureTask.run(FutureTask.java:317)
	java.base/java.util.concurrent.Executors$RunnableAdapter.call(Executors.java:572)
	java.base/java.util.concurrent.FutureTask.run(FutureTask.java:317)
	java.base/java.util.concurrent.ThreadPoolExecutor.runWorker(ThreadPoolExecutor.java:1144)
	java.base/java.util.concurrent.ThreadPoolExecutor$Worker.run(ThreadPoolExecutor.java:642)
	java.base/java.lang.Thread.run(Thread.java:1575)
java.lang.NoClassDefFoundError: Could not initialize class com.supercharger.util.HibernateUtil
	com.supercharger.MainMenu.initializeDatabase(MainMenu.java:67)
	com.supercharger.MainMenu.start(MainMenu.java:27)
	com.supercharger.functional.MainMenuTest.start(MainMenuTest.java:15)
	org.testfx.framework.junit5.ApplicationAdapter.start(ApplicationAdapter.java:37)
	org.testfx.toolkit.impl.ApplicationServiceImpl.lambda$start$0(ApplicationServiceImpl.java:49)
	java.base/java.util.concurrent.FutureTask.run(FutureTask.java:317)
	com.sun.javafx.application.PlatformImpl.lambda$runLater$10(PlatformImpl.java:456)
	java.base/java.security.AccessController.doPrivileged(AccessController.java:400)
	com.sun.javafx.application.PlatformImpl.lambda$runLater$11(PlatformImpl.java:455)
	com.sun.glass.ui.InvokeLaterDispatcher$Future.run(InvokeLaterDispatcher.java:95)
	com.sun.glass.ui.win.WinApplication._runLoop(Native Method)
	com.sun.glass.ui.win.WinApplication.lambda$runLoop$3(WinApplication.java:185)
	java.base/java.lang.Thread.run(Thread.java:1575)
java.lang.ExceptionInInitializerError: Exception java.lang.ExceptionInInitializerError: Failed to create SessionFactory. Check configuration and logs. [in thread "main"]
	com.supercharger.util.HibernateUtil.buildSessionFactory(HibernateUtil.java:28)
	com.supercharger.util.HibernateUtil.<clinit>(HibernateUtil.java:12)
	com.supercharger.dao.TurnoDAO.eliminarTodos(TurnoDAO.java:62)
	com.supercharger.dao.TurnoDAOTest.setup(TurnoDAOTest.java:20)
	java.base/java.lang.reflect.Method.invoke(Method.java:580)
	java.base/java.util.ArrayList.forEach(ArrayList.java:1597)
	java.base/java.util.ArrayList.forEach(ArrayList.java:1597)
--- Trace of caller of unhandled exception in Async Thread ---
	java.base/java.lang.Thread.getStackTrace(Thread.java:2389)
	org.testfx.util.WaitForAsyncUtils$ASyncFXCallable.<init>(WaitForAsyncUtils.java:649)
	org.testfx.util.WaitForAsyncUtils.async(WaitForAsyncUtils.java:192)
	org.testfx.toolkit.impl.ToolkitServiceImpl.setupApplication(ToolkitServiceImpl.java:123)
	org.testfx.api.FxToolkit.setupApplication(FxToolkit.java:153)
	org.testfx.framework.junit5.ApplicationTest.internalBefore(ApplicationTest.java:42)
	java.base/jdk.internal.reflect.DirectMethodHandleAccessor.invoke(DirectMethodHandleAccessor.java:103)
	java.base/java.lang.reflect.Method.invoke(Method.java:580)
	org.junit.platform.commons.util.ReflectionUtils.invokeMethod(ReflectionUtils.java:766)
	org.junit.jupiter.engine.execution.MethodInvocation.proceed(MethodInvocation.java:60)
	org.junit.jupiter.engine.execution.InvocationInterceptorChain$ValidatingInvocation.proceed(InvocationInterceptorChain.java:131)
	org.junit.jupiter.engine.extension.TimeoutExtension.intercept(TimeoutExtension.java:156)
	org.junit.jupiter.engine.extension.TimeoutExtension.interceptLifecycleMethod(TimeoutExtension.java:128)
	org.junit.jupiter.engine.extension.TimeoutExtension.interceptBeforeEachMethod(TimeoutExtension.java:78)
	org.junit.jupiter.engine.execution.InterceptingExecutableInvoker$ReflectiveInterceptorCall.lambda$ofVoidMethod$0(InterceptingExecutableInvoker.java:103)
	org.junit.jupiter.engine.execution.InterceptingExecutableInvoker.lambda$invoke$0(InterceptingExecutableInvoker.java:93)
	org.junit.jupiter.engine.execution.InvocationInterceptorChain$InterceptedInvocation.proceed(InvocationInterceptorChain.java:106)
	org.junit.jupiter.engine.execution.InvocationInterceptorChain.proceed(InvocationInterceptorChain.java:64)
	org.junit.jupiter.engine.execution.InvocationInterceptorChain.chainAndInvoke(InvocationInterceptorChain.java:45)
	org.junit.jupiter.engine.execution.InvocationInterceptorChain.invoke(InvocationInterceptorChain.java:37)
	org.junit.jupiter.engine.execution.InterceptingExecutableInvoker.invoke(InterceptingExecutableInvoker.java:92)
	org.junit.jupiter.engine.execution.InterceptingExecutableInvoker.invoke(InterceptingExecutableInvoker.java:86)
	org.junit.jupiter.engine.descriptor.ClassBasedTestDescriptor.invokeMethodInExtensionContext(ClassBasedTestDescriptor.java:521)
	org.junit.jupiter.engine.descriptor.ClassBasedTestDescriptor.lambda$synthesizeBeforeEachMethodAdapter$24(ClassBasedTestDescriptor.java:506)
	org.junit.jupiter.engine.descriptor.TestMethodTestDescriptor.lambda$invokeBeforeEachMethods$4(TestMethodTestDescriptor.java:174)
	org.junit.jupiter.engine.descriptor.TestMethodTestDescriptor.lambda$invokeBeforeMethodsOrCallbacksUntilExceptionOccurs$7(TestMethodTestDescriptor.java:202)
	org.junit.platform.engine.support.hierarchical.ThrowableCollector.execute(ThrowableCollector.java:73)
	org.junit.jupiter.engine.descriptor.TestMethodTestDescriptor.invokeBeforeMethodsOrCallbacksUntilExceptionOccurs(TestMethodTestDescriptor.java:202)
	org.junit.jupiter.engine.descriptor.TestMethodTestDescriptor.invokeBeforeEachMethods(TestMethodTestDescriptor.java:171)
	org.junit.jupiter.engine.descriptor.TestMethodTestDescriptor.execute(TestMethodTestDescriptor.java:134)
	org.junit.jupiter.engine.descriptor.TestMethodTestDescriptor.execute(TestMethodTestDescriptor.java:68)
	org.junit.platform.engine.support.hierarchical.NodeTestTask.lambda$executeRecursively$6(NodeTestTask.java:151)
	org.junit.platform.engine.support.hierarchical.ThrowableCollector.execute(ThrowableCollector.java:73)
	org.junit.platform.engine.support.hierarchical.NodeTestTask.lambda$executeRecursively$8(NodeTestTask.java:141)
	org.junit.platform.engine.support.hierarchical.Node.around(Node.java:137)
	org.junit.platform.engine.support.hierarchical.NodeTestTask.lambda$executeRecursively$9(NodeTestTask.java:139)
	org.junit.platform.engine.support.hierarchical.ThrowableCollector.execute(ThrowableCollector.java:73)
	org.junit.platform.engine.support.hierarchical.NodeTestTask.executeRecursively(NodeTestTask.java:138)
	org.junit.platform.engine.support.hierarchical.NodeTestTask.execute(NodeTestTask.java:95)
	java.base/java.util.ArrayList.forEach(ArrayList.java:1597)
	org.junit.platform.engine.support.hierarchical.SameThreadHierarchicalTestExecutorService.invokeAll(SameThreadHierarchicalTestExecutorService.java:41)
	org.junit.platform.engine.support.hierarchical.NodeTestTask.lambda$executeRecursively$6(NodeTestTask.java:155)
	org.junit.platform.engine.support.hierarchical.ThrowableCollector.execute(ThrowableCollector.java:73)
	org.junit.platform.engine.support.hierarchical.NodeTestTask.lambda$executeRecursively$8(NodeTestTask.java:141)
	org.junit.platform.engine.support.hierarchical.Node.around(Node.java:137)
	org.junit.platform.engine.support.hierarchical.NodeTestTask.lambda$executeRecursively$9(NodeTestTask.java:139)
	org.junit.platform.engine.support.hierarchical.ThrowableCollector.execute(ThrowableCollector.java:73)
	org.junit.platform.engine.support.hierarchical.NodeTestTask.executeRecursively(NodeTestTask.java:138)
	org.junit.platform.engine.support.hierarchical.NodeTestTask.execute(NodeTestTask.java:95)
	java.base/java.util.ArrayList.forEach(ArrayList.java:1597)
	org.junit.platform.engine.support.hierarchical.SameThreadHierarchicalTestExecutorService.invokeAll(SameThreadHierarchicalTestExecutorService.java:41)
	org.junit.platform.engine.support.hierarchical.NodeTestTask.lambda$executeRecursively$6(NodeTestTask.java:155)
	org.junit.platform.engine.support.hierarchical.ThrowableCollector.execute(ThrowableCollector.java:73)
	org.junit.platform.engine.support.hierarchical.NodeTestTask.lambda$executeRecursively$8(NodeTestTask.java:141)
	org.junit.platform.engine.support.hierarchical.Node.around(Node.java:137)
	org.junit.platform.engine.support.hierarchical.NodeTestTask.lambda$executeRecursively$9(NodeTestTask.java:139)
	org.junit.platform.engine.support.hierarchical.ThrowableCollector.execute(ThrowableCollector.java:73)
	org.junit.platform.engine.support.hierarchical.NodeTestTask.executeRecursively(NodeTestTask.java:138)
	org.junit.platform.engine.support.hierarchical.NodeTestTask.execute(NodeTestTask.java:95)
	org.junit.platform.engine.support.hierarchical.SameThreadHierarchicalTestExecutorService.submit(SameThreadHierarchicalTestExecutorService.java:35)
	org.junit.platform.engine.support.hierarchical.HierarchicalTestExecutor.execute(HierarchicalTestExecutor.java:57)
	org.junit.platform.engine.support.hierarchical.HierarchicalTestEngine.execute(HierarchicalTestEngine.java:54)
	org.junit.platform.launcher.core.EngineExecutionOrchestrator.execute(EngineExecutionOrchestrator.java:198)
	org.junit.platform.launcher.core.EngineExecutionOrchestrator.execute(EngineExecutionOrchestrator.java:169)
	org.junit.platform.launcher.core.EngineExecutionOrchestrator.execute(EngineExecutionOrchestrator.java:93)
	org.junit.platform.launcher.core.EngineExecutionOrchestrator.lambda$execute$0(EngineExecutionOrchestrator.java:58)
	org.junit.platform.launcher.core.EngineExecutionOrchestrator.withInterceptedStreams(EngineExecutionOrchestrator.java:141)
	org.junit.platform.launcher.core.EngineExecutionOrchestrator.execute(EngineExecutionOrchestrator.java:57)
	org.junit.platform.launcher.core.DefaultLauncher.execute(DefaultLauncher.java:103)
	org.junit.platform.launcher.core.DefaultLauncher.execute(DefaultLauncher.java:85)
	org.junit.platform.launcher.core.DelegatingLauncher.execute(DelegatingLauncher.java:47)
	org.apache.maven.surefire.junitplatform.LazyLauncher.execute(LazyLauncher.java:56)
	org.apache.maven.surefire.junitplatform.JUnitPlatformProvider.execute(JUnitPlatformProvider.java:184)
	org.apache.maven.surefire.junitplatform.JUnitPlatformProvider.invokeAllTests(JUnitPlatformProvider.java:148)
	org.apache.maven.surefire.junitplatform.JUnitPlatformProvider.invoke(JUnitPlatformProvider.java:122)
	org.apache.maven.surefire.booter.ForkedBooter.runSuitesInProcess(ForkedBooter.java:385)
	org.apache.maven.surefire.booter.ForkedBooter.execute(ForkedBooter.java:162)
	org.apache.maven.surefire.booter.ForkedBooter.run(ForkedBooter.java:507)
	org.apache.maven.surefire.booter.ForkedBooter.main(ForkedBooter.java:495)

]]></system-err>
  </testcase>
  <testcase name="testBotonRegistrarAsistencia" classname="com.supercharger.functional.MainMenuTest" time="0.171">
    <error message="java.util.concurrent.ExecutionException: java.lang.NoClassDefFoundError: Could not initialize class com.supercharger.util.HibernateUtil" type="java.lang.RuntimeException"><![CDATA[java.lang.RuntimeException: java.util.concurrent.ExecutionException: java.lang.NoClassDefFoundError: Could not initialize class com.supercharger.util.HibernateUtil
	at org.testfx.util.WaitForAsyncUtils.waitFor(WaitForAsyncUtils.java:301)
	at org.testfx.api.FxToolkit.waitForSetup(FxToolkit.java:244)
	at org.testfx.api.FxToolkit.setupApplication(FxToolkit.java:153)
	at org.testfx.framework.junit5.ApplicationTest.internalBefore(ApplicationTest.java:42)
	at java.base/java.lang.reflect.Method.invoke(Method.java:580)
	at java.base/java.util.ArrayList.forEach(ArrayList.java:1597)
	at java.base/java.util.ArrayList.forEach(ArrayList.java:1597)
Caused by: java.util.concurrent.ExecutionException: java.lang.NoClassDefFoundError: Could not initialize class com.supercharger.util.HibernateUtil
	at java.base/java.util.concurrent.FutureTask.report(FutureTask.java:122)
	at java.base/java.util.concurrent.FutureTask.get(FutureTask.java:191)
	at org.testfx.util.WaitForAsyncUtils$ASyncFXCallable.get(WaitForAsyncUtils.java:696)
	at org.testfx.toolkit.impl.ToolkitServiceImpl.lambda$setupApplication$6(ToolkitServiceImpl.java:127)
	at java.base/java.util.concurrent.FutureTask.run(FutureTask.java:317)
	at java.base/java.util.concurrent.Executors$RunnableAdapter.call(Executors.java:572)
	at java.base/java.util.concurrent.FutureTask.run(FutureTask.java:317)
	at java.base/java.util.concurrent.ThreadPoolExecutor.runWorker(ThreadPoolExecutor.java:1144)
	at java.base/java.util.concurrent.ThreadPoolExecutor$Worker.run(ThreadPoolExecutor.java:642)
	at java.base/java.lang.Thread.run(Thread.java:1575)
Caused by: java.lang.NoClassDefFoundError: Could not initialize class com.supercharger.util.HibernateUtil
	at com.supercharger.MainMenu.initializeDatabase(MainMenu.java:67)
	at com.supercharger.MainMenu.start(MainMenu.java:27)
	at com.supercharger.functional.MainMenuTest.start(MainMenuTest.java:15)
	at org.testfx.framework.junit5.ApplicationAdapter.start(ApplicationAdapter.java:37)
	at org.testfx.toolkit.impl.ApplicationServiceImpl.lambda$start$0(ApplicationServiceImpl.java:49)
	at java.base/java.util.concurrent.FutureTask.run(FutureTask.java:317)
	at com.sun.javafx.application.PlatformImpl.lambda$runLater$10(PlatformImpl.java:456)
	at java.base/java.security.AccessController.doPrivileged(AccessController.java:400)
	at com.sun.javafx.application.PlatformImpl.lambda$runLater$11(PlatformImpl.java:455)
	at com.sun.glass.ui.InvokeLaterDispatcher$Future.run(InvokeLaterDispatcher.java:95)
	at com.sun.glass.ui.win.WinApplication._runLoop(Native Method)
	at com.sun.glass.ui.win.WinApplication.lambda$runLoop$3(WinApplication.java:185)
	... 1 more
Caused by: java.lang.ExceptionInInitializerError: Exception java.lang.ExceptionInInitializerError: Failed to create SessionFactory. Check configuration and logs. [in thread "main"]
	at com.supercharger.util.HibernateUtil.buildSessionFactory(HibernateUtil.java:28)
	at com.supercharger.util.HibernateUtil.<clinit>(HibernateUtil.java:12)
	at com.supercharger.dao.TurnoDAO.eliminarTodos(TurnoDAO.java:62)
	at com.supercharger.dao.TurnoDAOTest.setup(TurnoDAOTest.java:20)
	at java.base/java.lang.reflect.Method.invoke(Method.java:580)
	at java.base/java.util.ArrayList.forEach(ArrayList.java:1597)
	at java.base/java.util.ArrayList.forEach(ArrayList.java:1597)
]]></error>
    <system-err><![CDATA[--- Exception in Async Thread ---
java.lang.NoClassDefFoundError: Could not initialize class com.supercharger.util.HibernateUtil
	com.supercharger.MainMenu.initializeDatabase(MainMenu.java:67)
	com.supercharger.MainMenu.start(MainMenu.java:27)
	com.supercharger.functional.MainMenuTest.start(MainMenuTest.java:15)
	org.testfx.framework.junit5.ApplicationAdapter.start(ApplicationAdapter.java:37)
	org.testfx.toolkit.impl.ApplicationServiceImpl.lambda$start$0(ApplicationServiceImpl.java:49)
	java.base/java.util.concurrent.FutureTask.run(FutureTask.java:317)
	com.sun.javafx.application.PlatformImpl.lambda$runLater$10(PlatformImpl.java:456)
	java.base/java.security.AccessController.doPrivileged(AccessController.java:400)
	com.sun.javafx.application.PlatformImpl.lambda$runLater$11(PlatformImpl.java:455)
	com.sun.glass.ui.InvokeLaterDispatcher$Future.run(InvokeLaterDispatcher.java:95)
	com.sun.glass.ui.win.WinApplication._runLoop(Native Method)
	com.sun.glass.ui.win.WinApplication.lambda$runLoop$3(WinApplication.java:185)
	java.base/java.lang.Thread.run(Thread.java:1575)
java.lang.ExceptionInInitializerError: Exception java.lang.ExceptionInInitializerError: Failed to create SessionFactory. Check configuration and logs. [in thread "main"]
	com.supercharger.util.HibernateUtil.buildSessionFactory(HibernateUtil.java:28)
	com.supercharger.util.HibernateUtil.<clinit>(HibernateUtil.java:12)
	com.supercharger.dao.TurnoDAO.eliminarTodos(TurnoDAO.java:62)
	com.supercharger.dao.TurnoDAOTest.setup(TurnoDAOTest.java:20)
	java.base/java.lang.reflect.Method.invoke(Method.java:580)
	java.base/java.util.ArrayList.forEach(ArrayList.java:1597)
	java.base/java.util.ArrayList.forEach(ArrayList.java:1597)
--- Trace of caller of unhandled exception in Async Thread ---
	java.base/java.lang.Thread.getStackTrace(Thread.java:2389)
	org.testfx.util.WaitForAsyncUtils$ASyncFXCallable.<init>(WaitForAsyncUtils.java:649)
	org.testfx.util.WaitForAsyncUtils.asyncFx(WaitForAsyncUtils.java:257)
	org.testfx.toolkit.impl.ApplicationServiceImpl.start(ApplicationServiceImpl.java:48)
	org.testfx.toolkit.impl.ToolkitServiceImpl.lambda$setupApplication$6(ToolkitServiceImpl.java:127)
	java.base/java.util.concurrent.FutureTask.run(FutureTask.java:317)
	java.base/java.util.concurrent.Executors$RunnableAdapter.call(Executors.java:572)
	java.base/java.util.concurrent.FutureTask.run(FutureTask.java:317)
	java.base/java.util.concurrent.ThreadPoolExecutor.runWorker(ThreadPoolExecutor.java:1144)
	java.base/java.util.concurrent.ThreadPoolExecutor$Worker.run(ThreadPoolExecutor.java:642)
	java.base/java.lang.Thread.run(Thread.java:1575)

--- Exception in Async Thread ---
java.util.concurrent.ExecutionException: java.lang.NoClassDefFoundError: Could not initialize class com.supercharger.util.HibernateUtil
	java.base/java.util.concurrent.FutureTask.report(FutureTask.java:122)
	java.base/java.util.concurrent.FutureTask.get(FutureTask.java:191)
	org.testfx.util.WaitForAsyncUtils$ASyncFXCallable.get(WaitForAsyncUtils.java:696)
	org.testfx.toolkit.impl.ToolkitServiceImpl.lambda$setupApplication$6(ToolkitServiceImpl.java:127)
	java.base/java.util.concurrent.FutureTask.run(FutureTask.java:317)
	java.base/java.util.concurrent.Executors$RunnableAdapter.call(Executors.java:572)
	java.base/java.util.concurrent.FutureTask.run(FutureTask.java:317)
	java.base/java.util.concurrent.ThreadPoolExecutor.runWorker(ThreadPoolExecutor.java:1144)
	java.base/java.util.concurrent.ThreadPoolExecutor$Worker.run(ThreadPoolExecutor.java:642)
	java.base/java.lang.Thread.run(Thread.java:1575)
java.lang.NoClassDefFoundError: Could not initialize class com.supercharger.util.HibernateUtil
	com.supercharger.MainMenu.initializeDatabase(MainMenu.java:67)
	com.supercharger.MainMenu.start(MainMenu.java:27)
	com.supercharger.functional.MainMenuTest.start(MainMenuTest.java:15)
	org.testfx.framework.junit5.ApplicationAdapter.start(ApplicationAdapter.java:37)
	org.testfx.toolkit.impl.ApplicationServiceImpl.lambda$start$0(ApplicationServiceImpl.java:49)
	java.base/java.util.concurrent.FutureTask.run(FutureTask.java:317)
	com.sun.javafx.application.PlatformImpl.lambda$runLater$10(PlatformImpl.java:456)
	java.base/java.security.AccessController.doPrivileged(AccessController.java:400)
	com.sun.javafx.application.PlatformImpl.lambda$runLater$11(PlatformImpl.java:455)
	com.sun.glass.ui.InvokeLaterDispatcher$Future.run(InvokeLaterDispatcher.java:95)
	com.sun.glass.ui.win.WinApplication._runLoop(Native Method)
	com.sun.glass.ui.win.WinApplication.lambda$runLoop$3(WinApplication.java:185)
	java.base/java.lang.Thread.run(Thread.java:1575)
java.lang.ExceptionInInitializerError: Exception java.lang.ExceptionInInitializerError: Failed to create SessionFactory. Check configuration and logs. [in thread "main"]
	com.supercharger.util.HibernateUtil.buildSessionFactory(HibernateUtil.java:28)
	com.supercharger.util.HibernateUtil.<clinit>(HibernateUtil.java:12)
	com.supercharger.dao.TurnoDAO.eliminarTodos(TurnoDAO.java:62)
	com.supercharger.dao.TurnoDAOTest.setup(TurnoDAOTest.java:20)
	java.base/java.lang.reflect.Method.invoke(Method.java:580)
	java.base/java.util.ArrayList.forEach(ArrayList.java:1597)
	java.base/java.util.ArrayList.forEach(ArrayList.java:1597)
--- Trace of caller of unhandled exception in Async Thread ---
	java.base/java.lang.Thread.getStackTrace(Thread.java:2389)
	org.testfx.util.WaitForAsyncUtils$ASyncFXCallable.<init>(WaitForAsyncUtils.java:649)
	org.testfx.util.WaitForAsyncUtils.async(WaitForAsyncUtils.java:192)
	org.testfx.toolkit.impl.ToolkitServiceImpl.setupApplication(ToolkitServiceImpl.java:123)
	org.testfx.api.FxToolkit.setupApplication(FxToolkit.java:153)
	org.testfx.framework.junit5.ApplicationTest.internalBefore(ApplicationTest.java:42)
	java.base/jdk.internal.reflect.DirectMethodHandleAccessor.invoke(DirectMethodHandleAccessor.java:103)
	java.base/java.lang.reflect.Method.invoke(Method.java:580)
	org.junit.platform.commons.util.ReflectionUtils.invokeMethod(ReflectionUtils.java:766)
	org.junit.jupiter.engine.execution.MethodInvocation.proceed(MethodInvocation.java:60)
	org.junit.jupiter.engine.execution.InvocationInterceptorChain$ValidatingInvocation.proceed(InvocationInterceptorChain.java:131)
	org.junit.jupiter.engine.extension.TimeoutExtension.intercept(TimeoutExtension.java:156)
	org.junit.jupiter.engine.extension.TimeoutExtension.interceptLifecycleMethod(TimeoutExtension.java:128)
	org.junit.jupiter.engine.extension.TimeoutExtension.interceptBeforeEachMethod(TimeoutExtension.java:78)
	org.junit.jupiter.engine.execution.InterceptingExecutableInvoker$ReflectiveInterceptorCall.lambda$ofVoidMethod$0(InterceptingExecutableInvoker.java:103)
	org.junit.jupiter.engine.execution.InterceptingExecutableInvoker.lambda$invoke$0(InterceptingExecutableInvoker.java:93)
	org.junit.jupiter.engine.execution.InvocationInterceptorChain$InterceptedInvocation.proceed(InvocationInterceptorChain.java:106)
	org.junit.jupiter.engine.execution.InvocationInterceptorChain.proceed(InvocationInterceptorChain.java:64)
	org.junit.jupiter.engine.execution.InvocationInterceptorChain.chainAndInvoke(InvocationInterceptorChain.java:45)
	org.junit.jupiter.engine.execution.InvocationInterceptorChain.invoke(InvocationInterceptorChain.java:37)
	org.junit.jupiter.engine.execution.InterceptingExecutableInvoker.invoke(InterceptingExecutableInvoker.java:92)
	org.junit.jupiter.engine.execution.InterceptingExecutableInvoker.invoke(InterceptingExecutableInvoker.java:86)
	org.junit.jupiter.engine.descriptor.ClassBasedTestDescriptor.invokeMethodInExtensionContext(ClassBasedTestDescriptor.java:521)
	org.junit.jupiter.engine.descriptor.ClassBasedTestDescriptor.lambda$synthesizeBeforeEachMethodAdapter$24(ClassBasedTestDescriptor.java:506)
	org.junit.jupiter.engine.descriptor.TestMethodTestDescriptor.lambda$invokeBeforeEachMethods$4(TestMethodTestDescriptor.java:174)
	org.junit.jupiter.engine.descriptor.TestMethodTestDescriptor.lambda$invokeBeforeMethodsOrCallbacksUntilExceptionOccurs$7(TestMethodTestDescriptor.java:202)
	org.junit.platform.engine.support.hierarchical.ThrowableCollector.execute(ThrowableCollector.java:73)
	org.junit.jupiter.engine.descriptor.TestMethodTestDescriptor.invokeBeforeMethodsOrCallbacksUntilExceptionOccurs(TestMethodTestDescriptor.java:202)
	org.junit.jupiter.engine.descriptor.TestMethodTestDescriptor.invokeBeforeEachMethods(TestMethodTestDescriptor.java:171)
	org.junit.jupiter.engine.descriptor.TestMethodTestDescriptor.execute(TestMethodTestDescriptor.java:134)
	org.junit.jupiter.engine.descriptor.TestMethodTestDescriptor.execute(TestMethodTestDescriptor.java:68)
	org.junit.platform.engine.support.hierarchical.NodeTestTask.lambda$executeRecursively$6(NodeTestTask.java:151)
	org.junit.platform.engine.support.hierarchical.ThrowableCollector.execute(ThrowableCollector.java:73)
	org.junit.platform.engine.support.hierarchical.NodeTestTask.lambda$executeRecursively$8(NodeTestTask.java:141)
	org.junit.platform.engine.support.hierarchical.Node.around(Node.java:137)
	org.junit.platform.engine.support.hierarchical.NodeTestTask.lambda$executeRecursively$9(NodeTestTask.java:139)
	org.junit.platform.engine.support.hierarchical.ThrowableCollector.execute(ThrowableCollector.java:73)
	org.junit.platform.engine.support.hierarchical.NodeTestTask.executeRecursively(NodeTestTask.java:138)
	org.junit.platform.engine.support.hierarchical.NodeTestTask.execute(NodeTestTask.java:95)
	java.base/java.util.ArrayList.forEach(ArrayList.java:1597)
	org.junit.platform.engine.support.hierarchical.SameThreadHierarchicalTestExecutorService.invokeAll(SameThreadHierarchicalTestExecutorService.java:41)
	org.junit.platform.engine.support.hierarchical.NodeTestTask.lambda$executeRecursively$6(NodeTestTask.java:155)
	org.junit.platform.engine.support.hierarchical.ThrowableCollector.execute(ThrowableCollector.java:73)
	org.junit.platform.engine.support.hierarchical.NodeTestTask.lambda$executeRecursively$8(NodeTestTask.java:141)
	org.junit.platform.engine.support.hierarchical.Node.around(Node.java:137)
	org.junit.platform.engine.support.hierarchical.NodeTestTask.lambda$executeRecursively$9(NodeTestTask.java:139)
	org.junit.platform.engine.support.hierarchical.ThrowableCollector.execute(ThrowableCollector.java:73)
	org.junit.platform.engine.support.hierarchical.NodeTestTask.executeRecursively(NodeTestTask.java:138)
	org.junit.platform.engine.support.hierarchical.NodeTestTask.execute(NodeTestTask.java:95)
	java.base/java.util.ArrayList.forEach(ArrayList.java:1597)
	org.junit.platform.engine.support.hierarchical.SameThreadHierarchicalTestExecutorService.invokeAll(SameThreadHierarchicalTestExecutorService.java:41)
	org.junit.platform.engine.support.hierarchical.NodeTestTask.lambda$executeRecursively$6(NodeTestTask.java:155)
	org.junit.platform.engine.support.hierarchical.ThrowableCollector.execute(ThrowableCollector.java:73)
	org.junit.platform.engine.support.hierarchical.NodeTestTask.lambda$executeRecursively$8(NodeTestTask.java:141)
	org.junit.platform.engine.support.hierarchical.Node.around(Node.java:137)
	org.junit.platform.engine.support.hierarchical.NodeTestTask.lambda$executeRecursively$9(NodeTestTask.java:139)
	org.junit.platform.engine.support.hierarchical.ThrowableCollector.execute(ThrowableCollector.java:73)
	org.junit.platform.engine.support.hierarchical.NodeTestTask.executeRecursively(NodeTestTask.java:138)
	org.junit.platform.engine.support.hierarchical.NodeTestTask.execute(NodeTestTask.java:95)
	org.junit.platform.engine.support.hierarchical.SameThreadHierarchicalTestExecutorService.submit(SameThreadHierarchicalTestExecutorService.java:35)
	org.junit.platform.engine.support.hierarchical.HierarchicalTestExecutor.execute(HierarchicalTestExecutor.java:57)
	org.junit.platform.engine.support.hierarchical.HierarchicalTestEngine.execute(HierarchicalTestEngine.java:54)
	org.junit.platform.launcher.core.EngineExecutionOrchestrator.execute(EngineExecutionOrchestrator.java:198)
	org.junit.platform.launcher.core.EngineExecutionOrchestrator.execute(EngineExecutionOrchestrator.java:169)
	org.junit.platform.launcher.core.EngineExecutionOrchestrator.execute(EngineExecutionOrchestrator.java:93)
	org.junit.platform.launcher.core.EngineExecutionOrchestrator.lambda$execute$0(EngineExecutionOrchestrator.java:58)
	org.junit.platform.launcher.core.EngineExecutionOrchestrator.withInterceptedStreams(EngineExecutionOrchestrator.java:141)
	org.junit.platform.launcher.core.EngineExecutionOrchestrator.execute(EngineExecutionOrchestrator.java:57)
	org.junit.platform.launcher.core.DefaultLauncher.execute(DefaultLauncher.java:103)
	org.junit.platform.launcher.core.DefaultLauncher.execute(DefaultLauncher.java:85)
	org.junit.platform.launcher.core.DelegatingLauncher.execute(DelegatingLauncher.java:47)
	org.apache.maven.surefire.junitplatform.LazyLauncher.execute(LazyLauncher.java:56)
	org.apache.maven.surefire.junitplatform.JUnitPlatformProvider.execute(JUnitPlatformProvider.java:184)
	org.apache.maven.surefire.junitplatform.JUnitPlatformProvider.invokeAllTests(JUnitPlatformProvider.java:148)
	org.apache.maven.surefire.junitplatform.JUnitPlatformProvider.invoke(JUnitPlatformProvider.java:122)
	org.apache.maven.surefire.booter.ForkedBooter.runSuitesInProcess(ForkedBooter.java:385)
	org.apache.maven.surefire.booter.ForkedBooter.execute(ForkedBooter.java:162)
	org.apache.maven.surefire.booter.ForkedBooter.run(ForkedBooter.java:507)
	org.apache.maven.surefire.booter.ForkedBooter.main(ForkedBooter.java:495)

]]></system-err>
  </testcase>
  <testcase name="testBotonFichaMecanica" classname="com.supercharger.functional.MainMenuTest" time="0.17">
    <error message="java.util.concurrent.ExecutionException: java.lang.NoClassDefFoundError: Could not initialize class com.supercharger.util.HibernateUtil" type="java.lang.RuntimeException"><![CDATA[java.lang.RuntimeException: java.util.concurrent.ExecutionException: java.lang.NoClassDefFoundError: Could not initialize class com.supercharger.util.HibernateUtil
	at org.testfx.util.WaitForAsyncUtils.waitFor(WaitForAsyncUtils.java:301)
	at org.testfx.api.FxToolkit.waitForSetup(FxToolkit.java:244)
	at org.testfx.api.FxToolkit.setupApplication(FxToolkit.java:153)
	at org.testfx.framework.junit5.ApplicationTest.internalBefore(ApplicationTest.java:42)
	at java.base/java.lang.reflect.Method.invoke(Method.java:580)
	at java.base/java.util.ArrayList.forEach(ArrayList.java:1597)
	at java.base/java.util.ArrayList.forEach(ArrayList.java:1597)
Caused by: java.util.concurrent.ExecutionException: java.lang.NoClassDefFoundError: Could not initialize class com.supercharger.util.HibernateUtil
	at java.base/java.util.concurrent.FutureTask.report(FutureTask.java:122)
	at java.base/java.util.concurrent.FutureTask.get(FutureTask.java:191)
	at org.testfx.util.WaitForAsyncUtils$ASyncFXCallable.get(WaitForAsyncUtils.java:696)
	at org.testfx.toolkit.impl.ToolkitServiceImpl.lambda$setupApplication$6(ToolkitServiceImpl.java:127)
	at java.base/java.util.concurrent.FutureTask.run(FutureTask.java:317)
	at java.base/java.util.concurrent.Executors$RunnableAdapter.call(Executors.java:572)
	at java.base/java.util.concurrent.FutureTask.run(FutureTask.java:317)
	at java.base/java.util.concurrent.ThreadPoolExecutor.runWorker(ThreadPoolExecutor.java:1144)
	at java.base/java.util.concurrent.ThreadPoolExecutor$Worker.run(ThreadPoolExecutor.java:642)
	at java.base/java.lang.Thread.run(Thread.java:1575)
Caused by: java.lang.NoClassDefFoundError: Could not initialize class com.supercharger.util.HibernateUtil
	at com.supercharger.MainMenu.initializeDatabase(MainMenu.java:67)
	at com.supercharger.MainMenu.start(MainMenu.java:27)
	at com.supercharger.functional.MainMenuTest.start(MainMenuTest.java:15)
	at org.testfx.framework.junit5.ApplicationAdapter.start(ApplicationAdapter.java:37)
	at org.testfx.toolkit.impl.ApplicationServiceImpl.lambda$start$0(ApplicationServiceImpl.java:49)
	at java.base/java.util.concurrent.FutureTask.run(FutureTask.java:317)
	at com.sun.javafx.application.PlatformImpl.lambda$runLater$10(PlatformImpl.java:456)
	at java.base/java.security.AccessController.doPrivileged(AccessController.java:400)
	at com.sun.javafx.application.PlatformImpl.lambda$runLater$11(PlatformImpl.java:455)
	at com.sun.glass.ui.InvokeLaterDispatcher$Future.run(InvokeLaterDispatcher.java:95)
	at com.sun.glass.ui.win.WinApplication._runLoop(Native Method)
	at com.sun.glass.ui.win.WinApplication.lambda$runLoop$3(WinApplication.java:185)
	... 1 more
Caused by: java.lang.ExceptionInInitializerError: Exception java.lang.ExceptionInInitializerError: Failed to create SessionFactory. Check configuration and logs. [in thread "main"]
	at com.supercharger.util.HibernateUtil.buildSessionFactory(HibernateUtil.java:28)
	at com.supercharger.util.HibernateUtil.<clinit>(HibernateUtil.java:12)
	at com.supercharger.dao.TurnoDAO.eliminarTodos(TurnoDAO.java:62)
	at com.supercharger.dao.TurnoDAOTest.setup(TurnoDAOTest.java:20)
	at java.base/java.lang.reflect.Method.invoke(Method.java:580)
	at java.base/java.util.ArrayList.forEach(ArrayList.java:1597)
	at java.base/java.util.ArrayList.forEach(ArrayList.java:1597)
]]></error>
    <system-err><![CDATA[--- Exception in Async Thread ---
java.lang.NoClassDefFoundError: Could not initialize class com.supercharger.util.HibernateUtil
	com.supercharger.MainMenu.initializeDatabase(MainMenu.java:67)
	com.supercharger.MainMenu.start(MainMenu.java:27)
	com.supercharger.functional.MainMenuTest.start(MainMenuTest.java:15)
	org.testfx.framework.junit5.ApplicationAdapter.start(ApplicationAdapter.java:37)
	org.testfx.toolkit.impl.ApplicationServiceImpl.lambda$start$0(ApplicationServiceImpl.java:49)
	java.base/java.util.concurrent.FutureTask.run(FutureTask.java:317)
	com.sun.javafx.application.PlatformImpl.lambda$runLater$10(PlatformImpl.java:456)
	java.base/java.security.AccessController.doPrivileged(AccessController.java:400)
	com.sun.javafx.application.PlatformImpl.lambda$runLater$11(PlatformImpl.java:455)
	com.sun.glass.ui.InvokeLaterDispatcher$Future.run(InvokeLaterDispatcher.java:95)
	com.sun.glass.ui.win.WinApplication._runLoop(Native Method)
	com.sun.glass.ui.win.WinApplication.lambda$runLoop$3(WinApplication.java:185)
	java.base/java.lang.Thread.run(Thread.java:1575)
java.lang.ExceptionInInitializerError: Exception java.lang.ExceptionInInitializerError: Failed to create SessionFactory. Check configuration and logs. [in thread "main"]
	com.supercharger.util.HibernateUtil.buildSessionFactory(HibernateUtil.java:28)
	com.supercharger.util.HibernateUtil.<clinit>(HibernateUtil.java:12)
	com.supercharger.dao.TurnoDAO.eliminarTodos(TurnoDAO.java:62)
	com.supercharger.dao.TurnoDAOTest.setup(TurnoDAOTest.java:20)
	java.base/java.lang.reflect.Method.invoke(Method.java:580)
	java.base/java.util.ArrayList.forEach(ArrayList.java:1597)
	java.base/java.util.ArrayList.forEach(ArrayList.java:1597)
--- Trace of caller of unhandled exception in Async Thread ---
	java.base/java.lang.Thread.getStackTrace(Thread.java:2389)
	org.testfx.util.WaitForAsyncUtils$ASyncFXCallable.<init>(WaitForAsyncUtils.java:649)
	org.testfx.util.WaitForAsyncUtils.asyncFx(WaitForAsyncUtils.java:257)
	org.testfx.toolkit.impl.ApplicationServiceImpl.start(ApplicationServiceImpl.java:48)
	org.testfx.toolkit.impl.ToolkitServiceImpl.lambda$setupApplication$6(ToolkitServiceImpl.java:127)
	java.base/java.util.concurrent.FutureTask.run(FutureTask.java:317)
	java.base/java.util.concurrent.Executors$RunnableAdapter.call(Executors.java:572)
	java.base/java.util.concurrent.FutureTask.run(FutureTask.java:317)
	java.base/java.util.concurrent.ThreadPoolExecutor.runWorker(ThreadPoolExecutor.java:1144)
	java.base/java.util.concurrent.ThreadPoolExecutor$Worker.run(ThreadPoolExecutor.java:642)
	java.base/java.lang.Thread.run(Thread.java:1575)

--- Exception in Async Thread ---
java.util.concurrent.ExecutionException: java.lang.NoClassDefFoundError: Could not initialize class com.supercharger.util.HibernateUtil
	java.base/java.util.concurrent.FutureTask.report(FutureTask.java:122)
	java.base/java.util.concurrent.FutureTask.get(FutureTask.java:191)
	org.testfx.util.WaitForAsyncUtils$ASyncFXCallable.get(WaitForAsyncUtils.java:696)
	org.testfx.toolkit.impl.ToolkitServiceImpl.lambda$setupApplication$6(ToolkitServiceImpl.java:127)
	java.base/java.util.concurrent.FutureTask.run(FutureTask.java:317)
	java.base/java.util.concurrent.Executors$RunnableAdapter.call(Executors.java:572)
	java.base/java.util.concurrent.FutureTask.run(FutureTask.java:317)
	java.base/java.util.concurrent.ThreadPoolExecutor.runWorker(ThreadPoolExecutor.java:1144)
	java.base/java.util.concurrent.ThreadPoolExecutor$Worker.run(ThreadPoolExecutor.java:642)
	java.base/java.lang.Thread.run(Thread.java:1575)
java.lang.NoClassDefFoundError: Could not initialize class com.supercharger.util.HibernateUtil
	com.supercharger.MainMenu.initializeDatabase(MainMenu.java:67)
	com.supercharger.MainMenu.start(MainMenu.java:27)
	com.supercharger.functional.MainMenuTest.start(MainMenuTest.java:15)
	org.testfx.framework.junit5.ApplicationAdapter.start(ApplicationAdapter.java:37)
	org.testfx.toolkit.impl.ApplicationServiceImpl.lambda$start$0(ApplicationServiceImpl.java:49)
	java.base/java.util.concurrent.FutureTask.run(FutureTask.java:317)
	com.sun.javafx.application.PlatformImpl.lambda$runLater$10(PlatformImpl.java:456)
	java.base/java.security.AccessController.doPrivileged(AccessController.java:400)
	com.sun.javafx.application.PlatformImpl.lambda$runLater$11(PlatformImpl.java:455)
	com.sun.glass.ui.InvokeLaterDispatcher$Future.run(InvokeLaterDispatcher.java:95)
	com.sun.glass.ui.win.WinApplication._runLoop(Native Method)
	com.sun.glass.ui.win.WinApplication.lambda$runLoop$3(WinApplication.java:185)
	java.base/java.lang.Thread.run(Thread.java:1575)
java.lang.ExceptionInInitializerError: Exception java.lang.ExceptionInInitializerError: Failed to create SessionFactory. Check configuration and logs. [in thread "main"]
	com.supercharger.util.HibernateUtil.buildSessionFactory(HibernateUtil.java:28)
	com.supercharger.util.HibernateUtil.<clinit>(HibernateUtil.java:12)
	com.supercharger.dao.TurnoDAO.eliminarTodos(TurnoDAO.java:62)
	com.supercharger.dao.TurnoDAOTest.setup(TurnoDAOTest.java:20)
	java.base/java.lang.reflect.Method.invoke(Method.java:580)
	java.base/java.util.ArrayList.forEach(ArrayList.java:1597)
	java.base/java.util.ArrayList.forEach(ArrayList.java:1597)
--- Trace of caller of unhandled exception in Async Thread ---
	java.base/java.lang.Thread.getStackTrace(Thread.java:2389)
	org.testfx.util.WaitForAsyncUtils$ASyncFXCallable.<init>(WaitForAsyncUtils.java:649)
	org.testfx.util.WaitForAsyncUtils.async(WaitForAsyncUtils.java:192)
	org.testfx.toolkit.impl.ToolkitServiceImpl.setupApplication(ToolkitServiceImpl.java:123)
	org.testfx.api.FxToolkit.setupApplication(FxToolkit.java:153)
	org.testfx.framework.junit5.ApplicationTest.internalBefore(ApplicationTest.java:42)
	java.base/jdk.internal.reflect.DirectMethodHandleAccessor.invoke(DirectMethodHandleAccessor.java:103)
	java.base/java.lang.reflect.Method.invoke(Method.java:580)
	org.junit.platform.commons.util.ReflectionUtils.invokeMethod(ReflectionUtils.java:766)
	org.junit.jupiter.engine.execution.MethodInvocation.proceed(MethodInvocation.java:60)
	org.junit.jupiter.engine.execution.InvocationInterceptorChain$ValidatingInvocation.proceed(InvocationInterceptorChain.java:131)
	org.junit.jupiter.engine.extension.TimeoutExtension.intercept(TimeoutExtension.java:156)
	org.junit.jupiter.engine.extension.TimeoutExtension.interceptLifecycleMethod(TimeoutExtension.java:128)
	org.junit.jupiter.engine.extension.TimeoutExtension.interceptBeforeEachMethod(TimeoutExtension.java:78)
	org.junit.jupiter.engine.execution.InterceptingExecutableInvoker$ReflectiveInterceptorCall.lambda$ofVoidMethod$0(InterceptingExecutableInvoker.java:103)
	org.junit.jupiter.engine.execution.InterceptingExecutableInvoker.lambda$invoke$0(InterceptingExecutableInvoker.java:93)
	org.junit.jupiter.engine.execution.InvocationInterceptorChain$InterceptedInvocation.proceed(InvocationInterceptorChain.java:106)
	org.junit.jupiter.engine.execution.InvocationInterceptorChain.proceed(InvocationInterceptorChain.java:64)
	org.junit.jupiter.engine.execution.InvocationInterceptorChain.chainAndInvoke(InvocationInterceptorChain.java:45)
	org.junit.jupiter.engine.execution.InvocationInterceptorChain.invoke(InvocationInterceptorChain.java:37)
	org.junit.jupiter.engine.execution.InterceptingExecutableInvoker.invoke(InterceptingExecutableInvoker.java:92)
	org.junit.jupiter.engine.execution.InterceptingExecutableInvoker.invoke(InterceptingExecutableInvoker.java:86)
	org.junit.jupiter.engine.descriptor.ClassBasedTestDescriptor.invokeMethodInExtensionContext(ClassBasedTestDescriptor.java:521)
	org.junit.jupiter.engine.descriptor.ClassBasedTestDescriptor.lambda$synthesizeBeforeEachMethodAdapter$24(ClassBasedTestDescriptor.java:506)
	org.junit.jupiter.engine.descriptor.TestMethodTestDescriptor.lambda$invokeBeforeEachMethods$4(TestMethodTestDescriptor.java:174)
	org.junit.jupiter.engine.descriptor.TestMethodTestDescriptor.lambda$invokeBeforeMethodsOrCallbacksUntilExceptionOccurs$7(TestMethodTestDescriptor.java:202)
	org.junit.platform.engine.support.hierarchical.ThrowableCollector.execute(ThrowableCollector.java:73)
	org.junit.jupiter.engine.descriptor.TestMethodTestDescriptor.invokeBeforeMethodsOrCallbacksUntilExceptionOccurs(TestMethodTestDescriptor.java:202)
	org.junit.jupiter.engine.descriptor.TestMethodTestDescriptor.invokeBeforeEachMethods(TestMethodTestDescriptor.java:171)
	org.junit.jupiter.engine.descriptor.TestMethodTestDescriptor.execute(TestMethodTestDescriptor.java:134)
	org.junit.jupiter.engine.descriptor.TestMethodTestDescriptor.execute(TestMethodTestDescriptor.java:68)
	org.junit.platform.engine.support.hierarchical.NodeTestTask.lambda$executeRecursively$6(NodeTestTask.java:151)
	org.junit.platform.engine.support.hierarchical.ThrowableCollector.execute(ThrowableCollector.java:73)
	org.junit.platform.engine.support.hierarchical.NodeTestTask.lambda$executeRecursively$8(NodeTestTask.java:141)
	org.junit.platform.engine.support.hierarchical.Node.around(Node.java:137)
	org.junit.platform.engine.support.hierarchical.NodeTestTask.lambda$executeRecursively$9(NodeTestTask.java:139)
	org.junit.platform.engine.support.hierarchical.ThrowableCollector.execute(ThrowableCollector.java:73)
	org.junit.platform.engine.support.hierarchical.NodeTestTask.executeRecursively(NodeTestTask.java:138)
	org.junit.platform.engine.support.hierarchical.NodeTestTask.execute(NodeTestTask.java:95)
	java.base/java.util.ArrayList.forEach(ArrayList.java:1597)
	org.junit.platform.engine.support.hierarchical.SameThreadHierarchicalTestExecutorService.invokeAll(SameThreadHierarchicalTestExecutorService.java:41)
	org.junit.platform.engine.support.hierarchical.NodeTestTask.lambda$executeRecursively$6(NodeTestTask.java:155)
	org.junit.platform.engine.support.hierarchical.ThrowableCollector.execute(ThrowableCollector.java:73)
	org.junit.platform.engine.support.hierarchical.NodeTestTask.lambda$executeRecursively$8(NodeTestTask.java:141)
	org.junit.platform.engine.support.hierarchical.Node.around(Node.java:137)
	org.junit.platform.engine.support.hierarchical.NodeTestTask.lambda$executeRecursively$9(NodeTestTask.java:139)
	org.junit.platform.engine.support.hierarchical.ThrowableCollector.execute(ThrowableCollector.java:73)
	org.junit.platform.engine.support.hierarchical.NodeTestTask.executeRecursively(NodeTestTask.java:138)
	org.junit.platform.engine.support.hierarchical.NodeTestTask.execute(NodeTestTask.java:95)
	java.base/java.util.ArrayList.forEach(ArrayList.java:1597)
	org.junit.platform.engine.support.hierarchical.SameThreadHierarchicalTestExecutorService.invokeAll(SameThreadHierarchicalTestExecutorService.java:41)
	org.junit.platform.engine.support.hierarchical.NodeTestTask.lambda$executeRecursively$6(NodeTestTask.java:155)
	org.junit.platform.engine.support.hierarchical.ThrowableCollector.execute(ThrowableCollector.java:73)
	org.junit.platform.engine.support.hierarchical.NodeTestTask.lambda$executeRecursively$8(NodeTestTask.java:141)
	org.junit.platform.engine.support.hierarchical.Node.around(Node.java:137)
	org.junit.platform.engine.support.hierarchical.NodeTestTask.lambda$executeRecursively$9(NodeTestTask.java:139)
	org.junit.platform.engine.support.hierarchical.ThrowableCollector.execute(ThrowableCollector.java:73)
	org.junit.platform.engine.support.hierarchical.NodeTestTask.executeRecursively(NodeTestTask.java:138)
	org.junit.platform.engine.support.hierarchical.NodeTestTask.execute(NodeTestTask.java:95)
	org.junit.platform.engine.support.hierarchical.SameThreadHierarchicalTestExecutorService.submit(SameThreadHierarchicalTestExecutorService.java:35)
	org.junit.platform.engine.support.hierarchical.HierarchicalTestExecutor.execute(HierarchicalTestExecutor.java:57)
	org.junit.platform.engine.support.hierarchical.HierarchicalTestEngine.execute(HierarchicalTestEngine.java:54)
	org.junit.platform.launcher.core.EngineExecutionOrchestrator.execute(EngineExecutionOrchestrator.java:198)
	org.junit.platform.launcher.core.EngineExecutionOrchestrator.execute(EngineExecutionOrchestrator.java:169)
	org.junit.platform.launcher.core.EngineExecutionOrchestrator.execute(EngineExecutionOrchestrator.java:93)
	org.junit.platform.launcher.core.EngineExecutionOrchestrator.lambda$execute$0(EngineExecutionOrchestrator.java:58)
	org.junit.platform.launcher.core.EngineExecutionOrchestrator.withInterceptedStreams(EngineExecutionOrchestrator.java:141)
	org.junit.platform.launcher.core.EngineExecutionOrchestrator.execute(EngineExecutionOrchestrator.java:57)
	org.junit.platform.launcher.core.DefaultLauncher.execute(DefaultLauncher.java:103)
	org.junit.platform.launcher.core.DefaultLauncher.execute(DefaultLauncher.java:85)
	org.junit.platform.launcher.core.DelegatingLauncher.execute(DelegatingLauncher.java:47)
	org.apache.maven.surefire.junitplatform.LazyLauncher.execute(LazyLauncher.java:56)
	org.apache.maven.surefire.junitplatform.JUnitPlatformProvider.execute(JUnitPlatformProvider.java:184)
	org.apache.maven.surefire.junitplatform.JUnitPlatformProvider.invokeAllTests(JUnitPlatformProvider.java:148)
	org.apache.maven.surefire.junitplatform.JUnitPlatformProvider.invoke(JUnitPlatformProvider.java:122)
	org.apache.maven.surefire.booter.ForkedBooter.runSuitesInProcess(ForkedBooter.java:385)
	org.apache.maven.surefire.booter.ForkedBooter.execute(ForkedBooter.java:162)
	org.apache.maven.surefire.booter.ForkedBooter.run(ForkedBooter.java:507)
	org.apache.maven.surefire.booter.ForkedBooter.main(ForkedBooter.java:495)

]]></system-err>
  </testcase>
  <testcase name="testBotonInformesMensuales" classname="com.supercharger.functional.MainMenuTest" time="0.175">
    <error message="java.util.concurrent.ExecutionException: java.lang.NoClassDefFoundError: Could not initialize class com.supercharger.util.HibernateUtil" type="java.lang.RuntimeException"><![CDATA[java.lang.RuntimeException: java.util.concurrent.ExecutionException: java.lang.NoClassDefFoundError: Could not initialize class com.supercharger.util.HibernateUtil
	at org.testfx.util.WaitForAsyncUtils.waitFor(WaitForAsyncUtils.java:301)
	at org.testfx.api.FxToolkit.waitForSetup(FxToolkit.java:244)
	at org.testfx.api.FxToolkit.setupApplication(FxToolkit.java:153)
	at org.testfx.framework.junit5.ApplicationTest.internalBefore(ApplicationTest.java:42)
	at java.base/java.lang.reflect.Method.invoke(Method.java:580)
	at java.base/java.util.ArrayList.forEach(ArrayList.java:1597)
	at java.base/java.util.ArrayList.forEach(ArrayList.java:1597)
Caused by: java.util.concurrent.ExecutionException: java.lang.NoClassDefFoundError: Could not initialize class com.supercharger.util.HibernateUtil
	at java.base/java.util.concurrent.FutureTask.report(FutureTask.java:122)
	at java.base/java.util.concurrent.FutureTask.get(FutureTask.java:191)
	at org.testfx.util.WaitForAsyncUtils$ASyncFXCallable.get(WaitForAsyncUtils.java:696)
	at org.testfx.toolkit.impl.ToolkitServiceImpl.lambda$setupApplication$6(ToolkitServiceImpl.java:127)
	at java.base/java.util.concurrent.FutureTask.run(FutureTask.java:317)
	at java.base/java.util.concurrent.Executors$RunnableAdapter.call(Executors.java:572)
	at java.base/java.util.concurrent.FutureTask.run(FutureTask.java:317)
	at java.base/java.util.concurrent.ThreadPoolExecutor.runWorker(ThreadPoolExecutor.java:1144)
	at java.base/java.util.concurrent.ThreadPoolExecutor$Worker.run(ThreadPoolExecutor.java:642)
	at java.base/java.lang.Thread.run(Thread.java:1575)
Caused by: java.lang.NoClassDefFoundError: Could not initialize class com.supercharger.util.HibernateUtil
	at com.supercharger.MainMenu.initializeDatabase(MainMenu.java:67)
	at com.supercharger.MainMenu.start(MainMenu.java:27)
	at com.supercharger.functional.MainMenuTest.start(MainMenuTest.java:15)
	at org.testfx.framework.junit5.ApplicationAdapter.start(ApplicationAdapter.java:37)
	at org.testfx.toolkit.impl.ApplicationServiceImpl.lambda$start$0(ApplicationServiceImpl.java:49)
	at java.base/java.util.concurrent.FutureTask.run(FutureTask.java:317)
	at com.sun.javafx.application.PlatformImpl.lambda$runLater$10(PlatformImpl.java:456)
	at java.base/java.security.AccessController.doPrivileged(AccessController.java:400)
	at com.sun.javafx.application.PlatformImpl.lambda$runLater$11(PlatformImpl.java:455)
	at com.sun.glass.ui.InvokeLaterDispatcher$Future.run(InvokeLaterDispatcher.java:95)
	at com.sun.glass.ui.win.WinApplication._runLoop(Native Method)
	at com.sun.glass.ui.win.WinApplication.lambda$runLoop$3(WinApplication.java:185)
	... 1 more
Caused by: java.lang.ExceptionInInitializerError: Exception java.lang.ExceptionInInitializerError: Failed to create SessionFactory. Check configuration and logs. [in thread "main"]
	at com.supercharger.util.HibernateUtil.buildSessionFactory(HibernateUtil.java:28)
	at com.supercharger.util.HibernateUtil.<clinit>(HibernateUtil.java:12)
	at com.supercharger.dao.TurnoDAO.eliminarTodos(TurnoDAO.java:62)
	at com.supercharger.dao.TurnoDAOTest.setup(TurnoDAOTest.java:20)
	at java.base/java.lang.reflect.Method.invoke(Method.java:580)
	at java.base/java.util.ArrayList.forEach(ArrayList.java:1597)
	at java.base/java.util.ArrayList.forEach(ArrayList.java:1597)
]]></error>
    <system-err><![CDATA[--- Exception in Async Thread ---
java.lang.NoClassDefFoundError: Could not initialize class com.supercharger.util.HibernateUtil
	com.supercharger.MainMenu.initializeDatabase(MainMenu.java:67)
	com.supercharger.MainMenu.start(MainMenu.java:27)
	com.supercharger.functional.MainMenuTest.start(MainMenuTest.java:15)
	org.testfx.framework.junit5.ApplicationAdapter.start(ApplicationAdapter.java:37)
	org.testfx.toolkit.impl.ApplicationServiceImpl.lambda$start$0(ApplicationServiceImpl.java:49)
	java.base/java.util.concurrent.FutureTask.run(FutureTask.java:317)
	com.sun.javafx.application.PlatformImpl.lambda$runLater$10(PlatformImpl.java:456)
	java.base/java.security.AccessController.doPrivileged(AccessController.java:400)
	com.sun.javafx.application.PlatformImpl.lambda$runLater$11(PlatformImpl.java:455)
	com.sun.glass.ui.InvokeLaterDispatcher$Future.run(InvokeLaterDispatcher.java:95)
	com.sun.glass.ui.win.WinApplication._runLoop(Native Method)
	com.sun.glass.ui.win.WinApplication.lambda$runLoop$3(WinApplication.java:185)
	java.base/java.lang.Thread.run(Thread.java:1575)
java.lang.ExceptionInInitializerError: Exception java.lang.ExceptionInInitializerError: Failed to create SessionFactory. Check configuration and logs. [in thread "main"]
	com.supercharger.util.HibernateUtil.buildSessionFactory(HibernateUtil.java:28)
	com.supercharger.util.HibernateUtil.<clinit>(HibernateUtil.java:12)
	com.supercharger.dao.TurnoDAO.eliminarTodos(TurnoDAO.java:62)
	com.supercharger.dao.TurnoDAOTest.setup(TurnoDAOTest.java:20)
	java.base/java.lang.reflect.Method.invoke(Method.java:580)
	java.base/java.util.ArrayList.forEach(ArrayList.java:1597)
	java.base/java.util.ArrayList.forEach(ArrayList.java:1597)
--- Trace of caller of unhandled exception in Async Thread ---
	java.base/java.lang.Thread.getStackTrace(Thread.java:2389)
	org.testfx.util.WaitForAsyncUtils$ASyncFXCallable.<init>(WaitForAsyncUtils.java:649)
	org.testfx.util.WaitForAsyncUtils.asyncFx(WaitForAsyncUtils.java:257)
	org.testfx.toolkit.impl.ApplicationServiceImpl.start(ApplicationServiceImpl.java:48)
	org.testfx.toolkit.impl.ToolkitServiceImpl.lambda$setupApplication$6(ToolkitServiceImpl.java:127)
	java.base/java.util.concurrent.FutureTask.run(FutureTask.java:317)
	java.base/java.util.concurrent.Executors$RunnableAdapter.call(Executors.java:572)
	java.base/java.util.concurrent.FutureTask.run(FutureTask.java:317)
	java.base/java.util.concurrent.ThreadPoolExecutor.runWorker(ThreadPoolExecutor.java:1144)
	java.base/java.util.concurrent.ThreadPoolExecutor$Worker.run(ThreadPoolExecutor.java:642)
	java.base/java.lang.Thread.run(Thread.java:1575)

--- Exception in Async Thread ---
java.util.concurrent.ExecutionException: java.lang.NoClassDefFoundError: Could not initialize class com.supercharger.util.HibernateUtil
	java.base/java.util.concurrent.FutureTask.report(FutureTask.java:122)
	java.base/java.util.concurrent.FutureTask.get(FutureTask.java:191)
	org.testfx.util.WaitForAsyncUtils$ASyncFXCallable.get(WaitForAsyncUtils.java:696)
	org.testfx.toolkit.impl.ToolkitServiceImpl.lambda$setupApplication$6(ToolkitServiceImpl.java:127)
	java.base/java.util.concurrent.FutureTask.run(FutureTask.java:317)
	java.base/java.util.concurrent.Executors$RunnableAdapter.call(Executors.java:572)
	java.base/java.util.concurrent.FutureTask.run(FutureTask.java:317)
	java.base/java.util.concurrent.ThreadPoolExecutor.runWorker(ThreadPoolExecutor.java:1144)
	java.base/java.util.concurrent.ThreadPoolExecutor$Worker.run(ThreadPoolExecutor.java:642)
	java.base/java.lang.Thread.run(Thread.java:1575)
java.lang.NoClassDefFoundError: Could not initialize class com.supercharger.util.HibernateUtil
	com.supercharger.MainMenu.initializeDatabase(MainMenu.java:67)
	com.supercharger.MainMenu.start(MainMenu.java:27)
	com.supercharger.functional.MainMenuTest.start(MainMenuTest.java:15)
	org.testfx.framework.junit5.ApplicationAdapter.start(ApplicationAdapter.java:37)
	org.testfx.toolkit.impl.ApplicationServiceImpl.lambda$start$0(ApplicationServiceImpl.java:49)
	java.base/java.util.concurrent.FutureTask.run(FutureTask.java:317)
	com.sun.javafx.application.PlatformImpl.lambda$runLater$10(PlatformImpl.java:456)
	java.base/java.security.AccessController.doPrivileged(AccessController.java:400)
	com.sun.javafx.application.PlatformImpl.lambda$runLater$11(PlatformImpl.java:455)
	com.sun.glass.ui.InvokeLaterDispatcher$Future.run(InvokeLaterDispatcher.java:95)
	com.sun.glass.ui.win.WinApplication._runLoop(Native Method)
	com.sun.glass.ui.win.WinApplication.lambda$runLoop$3(WinApplication.java:185)
	java.base/java.lang.Thread.run(Thread.java:1575)
java.lang.ExceptionInInitializerError: Exception java.lang.ExceptionInInitializerError: Failed to create SessionFactory. Check configuration and logs. [in thread "main"]
	com.supercharger.util.HibernateUtil.buildSessionFactory(HibernateUtil.java:28)
	com.supercharger.util.HibernateUtil.<clinit>(HibernateUtil.java:12)
	com.supercharger.dao.TurnoDAO.eliminarTodos(TurnoDAO.java:62)
	com.supercharger.dao.TurnoDAOTest.setup(TurnoDAOTest.java:20)
	java.base/java.lang.reflect.Method.invoke(Method.java:580)
	java.base/java.util.ArrayList.forEach(ArrayList.java:1597)
	java.base/java.util.ArrayList.forEach(ArrayList.java:1597)
--- Trace of caller of unhandled exception in Async Thread ---
	java.base/java.lang.Thread.getStackTrace(Thread.java:2389)
	org.testfx.util.WaitForAsyncUtils$ASyncFXCallable.<init>(WaitForAsyncUtils.java:649)
	org.testfx.util.WaitForAsyncUtils.async(WaitForAsyncUtils.java:192)
	org.testfx.toolkit.impl.ToolkitServiceImpl.setupApplication(ToolkitServiceImpl.java:123)
	org.testfx.api.FxToolkit.setupApplication(FxToolkit.java:153)
	org.testfx.framework.junit5.ApplicationTest.internalBefore(ApplicationTest.java:42)
	java.base/jdk.internal.reflect.DirectMethodHandleAccessor.invoke(DirectMethodHandleAccessor.java:103)
	java.base/java.lang.reflect.Method.invoke(Method.java:580)
	org.junit.platform.commons.util.ReflectionUtils.invokeMethod(ReflectionUtils.java:766)
	org.junit.jupiter.engine.execution.MethodInvocation.proceed(MethodInvocation.java:60)
	org.junit.jupiter.engine.execution.InvocationInterceptorChain$ValidatingInvocation.proceed(InvocationInterceptorChain.java:131)
	org.junit.jupiter.engine.extension.TimeoutExtension.intercept(TimeoutExtension.java:156)
	org.junit.jupiter.engine.extension.TimeoutExtension.interceptLifecycleMethod(TimeoutExtension.java:128)
	org.junit.jupiter.engine.extension.TimeoutExtension.interceptBeforeEachMethod(TimeoutExtension.java:78)
	org.junit.jupiter.engine.execution.InterceptingExecutableInvoker$ReflectiveInterceptorCall.lambda$ofVoidMethod$0(InterceptingExecutableInvoker.java:103)
	org.junit.jupiter.engine.execution.InterceptingExecutableInvoker.lambda$invoke$0(InterceptingExecutableInvoker.java:93)
	org.junit.jupiter.engine.execution.InvocationInterceptorChain$InterceptedInvocation.proceed(InvocationInterceptorChain.java:106)
	org.junit.jupiter.engine.execution.InvocationInterceptorChain.proceed(InvocationInterceptorChain.java:64)
	org.junit.jupiter.engine.execution.InvocationInterceptorChain.chainAndInvoke(InvocationInterceptorChain.java:45)
	org.junit.jupiter.engine.execution.InvocationInterceptorChain.invoke(InvocationInterceptorChain.java:37)
	org.junit.jupiter.engine.execution.InterceptingExecutableInvoker.invoke(InterceptingExecutableInvoker.java:92)
	org.junit.jupiter.engine.execution.InterceptingExecutableInvoker.invoke(InterceptingExecutableInvoker.java:86)
	org.junit.jupiter.engine.descriptor.ClassBasedTestDescriptor.invokeMethodInExtensionContext(ClassBasedTestDescriptor.java:521)
	org.junit.jupiter.engine.descriptor.ClassBasedTestDescriptor.lambda$synthesizeBeforeEachMethodAdapter$24(ClassBasedTestDescriptor.java:506)
	org.junit.jupiter.engine.descriptor.TestMethodTestDescriptor.lambda$invokeBeforeEachMethods$4(TestMethodTestDescriptor.java:174)
	org.junit.jupiter.engine.descriptor.TestMethodTestDescriptor.lambda$invokeBeforeMethodsOrCallbacksUntilExceptionOccurs$7(TestMethodTestDescriptor.java:202)
	org.junit.platform.engine.support.hierarchical.ThrowableCollector.execute(ThrowableCollector.java:73)
	org.junit.jupiter.engine.descriptor.TestMethodTestDescriptor.invokeBeforeMethodsOrCallbacksUntilExceptionOccurs(TestMethodTestDescriptor.java:202)
	org.junit.jupiter.engine.descriptor.TestMethodTestDescriptor.invokeBeforeEachMethods(TestMethodTestDescriptor.java:171)
	org.junit.jupiter.engine.descriptor.TestMethodTestDescriptor.execute(TestMethodTestDescriptor.java:134)
	org.junit.jupiter.engine.descriptor.TestMethodTestDescriptor.execute(TestMethodTestDescriptor.java:68)
	org.junit.platform.engine.support.hierarchical.NodeTestTask.lambda$executeRecursively$6(NodeTestTask.java:151)
	org.junit.platform.engine.support.hierarchical.ThrowableCollector.execute(ThrowableCollector.java:73)
	org.junit.platform.engine.support.hierarchical.NodeTestTask.lambda$executeRecursively$8(NodeTestTask.java:141)
	org.junit.platform.engine.support.hierarchical.Node.around(Node.java:137)
	org.junit.platform.engine.support.hierarchical.NodeTestTask.lambda$executeRecursively$9(NodeTestTask.java:139)
	org.junit.platform.engine.support.hierarchical.ThrowableCollector.execute(ThrowableCollector.java:73)
	org.junit.platform.engine.support.hierarchical.NodeTestTask.executeRecursively(NodeTestTask.java:138)
	org.junit.platform.engine.support.hierarchical.NodeTestTask.execute(NodeTestTask.java:95)
	java.base/java.util.ArrayList.forEach(ArrayList.java:1597)
	org.junit.platform.engine.support.hierarchical.SameThreadHierarchicalTestExecutorService.invokeAll(SameThreadHierarchicalTestExecutorService.java:41)
	org.junit.platform.engine.support.hierarchical.NodeTestTask.lambda$executeRecursively$6(NodeTestTask.java:155)
	org.junit.platform.engine.support.hierarchical.ThrowableCollector.execute(ThrowableCollector.java:73)
	org.junit.platform.engine.support.hierarchical.NodeTestTask.lambda$executeRecursively$8(NodeTestTask.java:141)
	org.junit.platform.engine.support.hierarchical.Node.around(Node.java:137)
	org.junit.platform.engine.support.hierarchical.NodeTestTask.lambda$executeRecursively$9(NodeTestTask.java:139)
	org.junit.platform.engine.support.hierarchical.ThrowableCollector.execute(ThrowableCollector.java:73)
	org.junit.platform.engine.support.hierarchical.NodeTestTask.executeRecursively(NodeTestTask.java:138)
	org.junit.platform.engine.support.hierarchical.NodeTestTask.execute(NodeTestTask.java:95)
	java.base/java.util.ArrayList.forEach(ArrayList.java:1597)
	org.junit.platform.engine.support.hierarchical.SameThreadHierarchicalTestExecutorService.invokeAll(SameThreadHierarchicalTestExecutorService.java:41)
	org.junit.platform.engine.support.hierarchical.NodeTestTask.lambda$executeRecursively$6(NodeTestTask.java:155)
	org.junit.platform.engine.support.hierarchical.ThrowableCollector.execute(ThrowableCollector.java:73)
	org.junit.platform.engine.support.hierarchical.NodeTestTask.lambda$executeRecursively$8(NodeTestTask.java:141)
	org.junit.platform.engine.support.hierarchical.Node.around(Node.java:137)
	org.junit.platform.engine.support.hierarchical.NodeTestTask.lambda$executeRecursively$9(NodeTestTask.java:139)
	org.junit.platform.engine.support.hierarchical.ThrowableCollector.execute(ThrowableCollector.java:73)
	org.junit.platform.engine.support.hierarchical.NodeTestTask.executeRecursively(NodeTestTask.java:138)
	org.junit.platform.engine.support.hierarchical.NodeTestTask.execute(NodeTestTask.java:95)
	org.junit.platform.engine.support.hierarchical.SameThreadHierarchicalTestExecutorService.submit(SameThreadHierarchicalTestExecutorService.java:35)
	org.junit.platform.engine.support.hierarchical.HierarchicalTestExecutor.execute(HierarchicalTestExecutor.java:57)
	org.junit.platform.engine.support.hierarchical.HierarchicalTestEngine.execute(HierarchicalTestEngine.java:54)
	org.junit.platform.launcher.core.EngineExecutionOrchestrator.execute(EngineExecutionOrchestrator.java:198)
	org.junit.platform.launcher.core.EngineExecutionOrchestrator.execute(EngineExecutionOrchestrator.java:169)
	org.junit.platform.launcher.core.EngineExecutionOrchestrator.execute(EngineExecutionOrchestrator.java:93)
	org.junit.platform.launcher.core.EngineExecutionOrchestrator.lambda$execute$0(EngineExecutionOrchestrator.java:58)
	org.junit.platform.launcher.core.EngineExecutionOrchestrator.withInterceptedStreams(EngineExecutionOrchestrator.java:141)
	org.junit.platform.launcher.core.EngineExecutionOrchestrator.execute(EngineExecutionOrchestrator.java:57)
	org.junit.platform.launcher.core.DefaultLauncher.execute(DefaultLauncher.java:103)
	org.junit.platform.launcher.core.DefaultLauncher.execute(DefaultLauncher.java:85)
	org.junit.platform.launcher.core.DelegatingLauncher.execute(DelegatingLauncher.java:47)
	org.apache.maven.surefire.junitplatform.LazyLauncher.execute(LazyLauncher.java:56)
	org.apache.maven.surefire.junitplatform.JUnitPlatformProvider.execute(JUnitPlatformProvider.java:184)
	org.apache.maven.surefire.junitplatform.JUnitPlatformProvider.invokeAllTests(JUnitPlatformProvider.java:148)
	org.apache.maven.surefire.junitplatform.JUnitPlatformProvider.invoke(JUnitPlatformProvider.java:122)
	org.apache.maven.surefire.booter.ForkedBooter.runSuitesInProcess(ForkedBooter.java:385)
	org.apache.maven.surefire.booter.ForkedBooter.execute(ForkedBooter.java:162)
	org.apache.maven.surefire.booter.ForkedBooter.run(ForkedBooter.java:507)
	org.apache.maven.surefire.booter.ForkedBooter.main(ForkedBooter.java:495)

]]></system-err>
  </testcase>
</testsuite>