<?xml version="1.0" encoding="UTF-8"?>
<testsuite xmlns:xsi="http://www.w3.org/2001/XMLSchema-instance" xsi:noNamespaceSchemaLocation="https://maven.apache.org/surefire/maven-surefire-plugin/xsd/surefire-test-report.xsd" version="3.0.1" name="com.supercharger.dao.ClienteDAOTest" time="2.103" tests="4" errors="0" skipped="0" failures="4">
  <properties>
[...]
</properties>
  <testcase name="testEliminarCliente" classname="com.supercharger.dao.ClienteDAOTest" time="2.073">
    <failure message="Debe haber un cliente registrado. ==&gt; expected: &lt;1&gt; but was: &lt;2&gt;" type="org.opentest4j.AssertionFailedError"><![CDATA[org.opentest4j.AssertionFailedError: Debe haber un cliente registrado. ==> expected: <1> but was: <2>
	at org.junit.jupiter.api.AssertionFailureBuilder.build(AssertionFailureBuilder.java:151)
	at org.junit.jupiter.api.AssertionFailureBuilder.buildAndThrow(AssertionFailureBuilder.java:132)
	at org.junit.jupiter.api.AssertEquals.failNotEqual(AssertEquals.java:197)
	at org.junit.jupiter.api.AssertEquals.assertEquals(AssertEquals.java:150)
	at org.junit.jupiter.api.Assertions.assertEquals(Assertions.java:563)
	at com.supercharger.dao.ClienteDAOTest.testEliminarCliente(ClienteDAOTest.java:51)
	at java.base/java.lang.reflect.Method.invoke(Method.java:580)
	at java.base/java.util.ArrayList.forEach(ArrayList.java:1597)
	at java.base/java.util.ArrayList.forEach(ArrayList.java:1597)
]]></failure>
    <system-out><![CDATA[Hibernate: 
    /* insert for
        com.supercharger.model.Cliente */insert 
    into
        Cliente (documento,nombre,telefono,id) 
    values
        (?,?,?,default)
Hibernate: 
    /* 
from
    Cliente */ select
        c1_0.id,
        c1_0.documento,
        c1_0.nombre,
        c1_0.telefono 
    from
        Cliente c1_0
]]></system-out>
    <system-err><![CDATA[ERROR StatusLogger Log4j2 could not find a logging implementation. Please add log4j-core to the classpath. Using SimpleLogger to log to the console...
]]></system-err>
  </testcase>
  <testcase name="testObtenerClientes" classname="com.supercharger.dao.ClienteDAOTest" time="0.005">
    <failure message="Debe haber exactamente un cliente. ==&gt; expected: &lt;1&gt; but was: &lt;3&gt;" type="org.opentest4j.AssertionFailedError"><![CDATA[org.opentest4j.AssertionFailedError: Debe haber exactamente un cliente. ==> expected: <1> but was: <3>
	at org.junit.jupiter.api.AssertionFailureBuilder.build(AssertionFailureBuilder.java:151)
	at org.junit.jupiter.api.AssertionFailureBuilder.buildAndThrow(AssertionFailureBuilder.java:132)
	at org.junit.jupiter.api.AssertEquals.failNotEqual(AssertEquals.java:197)
	at org.junit.jupiter.api.AssertEquals.assertEquals(AssertEquals.java:150)
	at org.junit.jupiter.api.Assertions.assertEquals(Assertions.java:563)
	at com.supercharger.dao.ClienteDAOTest.testObtenerClientes(ClienteDAOTest.java:40)
	at java.base/java.lang.reflect.Method.invoke(Method.java:580)
	at java.base/java.util.ArrayList.forEach(ArrayList.java:1597)
	at java.base/java.util.ArrayList.forEach(ArrayList.java:1597)
]]></failure>
    <system-out><![CDATA[Hibernate: 
    /* insert for
        com.supercharger.model.Cliente */insert 
    into
        Cliente (documento,nombre,telefono,id) 
    values
        (?,?,?,default)
Hibernate: 
    /* 
from
    Cliente */ select
        c1_0.id,
        c1_0.documento,
        c1_0.nombre,
        c1_0.telefono 
    from
        Cliente c1_0
]]></system-out>
  </testcase>
  <testcase name="testGuardarCliente" classname="com.supercharger.dao.ClienteDAOTest" time="0.007">
    <failure message="No debería lanzar una excepción al guardar un cliente. ==&gt; Unexpected exception thrown: java.lang.IllegalStateException: org.hibernate.resource.jdbc.internal.LogicalConnectionManagedImpl@cf10c92 is closed" type="org.opentest4j.AssertionFailedError"><![CDATA[org.opentest4j.AssertionFailedError: No debería lanzar una excepción al guardar un cliente. ==> Unexpected exception thrown: java.lang.IllegalStateException: org.hibernate.resource.jdbc.internal.LogicalConnectionManagedImpl@cf10c92 is closed
	at org.junit.jupiter.api.AssertionFailureBuilder.build(AssertionFailureBuilder.java:152)
	at org.junit.jupiter.api.AssertDoesNotThrow.createAssertionFailedError(AssertDoesNotThrow.java:84)
	at org.junit.jupiter.api.AssertDoesNotThrow.assertDoesNotThrow(AssertDoesNotThrow.java:53)
	at org.junit.jupiter.api.AssertDoesNotThrow.assertDoesNotThrow(AssertDoesNotThrow.java:40)
	at org.junit.jupiter.api.Assertions.assertDoesNotThrow(Assertions.java:3218)
	at com.supercharger.dao.ClienteDAOTest.testGuardarCliente(ClienteDAOTest.java:25)
	at java.base/java.lang.reflect.Method.invoke(Method.java:580)
	at java.base/java.util.ArrayList.forEach(ArrayList.java:1597)
	at java.base/java.util.ArrayList.forEach(ArrayList.java:1597)
Caused by: java.lang.IllegalStateException: org.hibernate.resource.jdbc.internal.LogicalConnectionManagedImpl@cf10c92 is closed
	at org.hibernate.resource.jdbc.internal.AbstractLogicalConnectionImplementor.errorIfClosed(AbstractLogicalConnectionImplementor.java:37)
	at org.hibernate.resource.jdbc.internal.LogicalConnectionManagedImpl.getPhysicalConnection(LogicalConnectionManagedImpl.java:142)
	at org.hibernate.resource.jdbc.internal.LogicalConnectionManagedImpl.getConnectionForTransactionManagement(LogicalConnectionManagedImpl.java:273)
	at org.hibernate.resource.jdbc.internal.AbstractLogicalConnectionImplementor.rollback(AbstractLogicalConnectionImplementor.java:121)
	at org.hibernate.resource.transaction.backend.jdbc.internal.JdbcResourceLocalTransactionCoordinatorImpl$TransactionDriverControlImpl.rollback(JdbcResourceLocalTransactionCoordinatorImpl.java:290)
	at org.hibernate.engine.transaction.internal.TransactionImpl.rollback(TransactionImpl.java:142)
	at com.supercharger.dao.ClienteDAO.guardarCliente(ClienteDAO.java:34)
	at com.supercharger.dao.ClienteDAOTest.lambda$testGuardarCliente$0(ClienteDAOTest.java:25)
	at org.junit.jupiter.api.AssertDoesNotThrow.assertDoesNotThrow(AssertDoesNotThrow.java:49)
	... 6 more
]]></failure>
    <system-out><![CDATA[Hibernate: 
    /* insert for
        com.supercharger.model.Cliente */insert 
    into
        Cliente (documento,nombre,telefono,id) 
    values
        (?,?,?,default)
]]></system-out>
    <system-err><![CDATA[ERROR SqlExceptionHelper Violación de indice de Unicidad ó Clave primaria: "PUBLIC.UK_QBTOJABRW7AQ3X6BUYLB48COI_INDEX_5 ON PUBLIC.CLIENTE(DOCUMENTO NULLS FIRST) VALUES ( /* 122 */ '12345678' )"
Unique index or primary key violation: "PUBLIC.UK_QBTOJABRW7AQ3X6BUYLB48COI_INDEX_5 ON PUBLIC.CLIENTE(DOCUMENTO NULLS FIRST) VALUES ( /* 122 */ '12345678' )"; SQL statement:
/* insert for com.supercharger.model.Cliente */insert into Cliente (docum [23505-214]
]]></system-err>
  </testcase>
  <testcase name="testActualizarCliente" classname="com.supercharger.dao.ClienteDAOTest" time="0.005">
    <failure message="Debe haber un cliente registrado. ==&gt; expected: &lt;1&gt; but was: &lt;4&gt;" type="org.opentest4j.AssertionFailedError"><![CDATA[org.opentest4j.AssertionFailedError: Debe haber un cliente registrado. ==> expected: <1> but was: <4>
	at org.junit.jupiter.api.AssertionFailureBuilder.build(AssertionFailureBuilder.java:151)
	at org.junit.jupiter.api.AssertionFailureBuilder.buildAndThrow(AssertionFailureBuilder.java:132)
	at org.junit.jupiter.api.AssertEquals.failNotEqual(AssertEquals.java:197)
	at org.junit.jupiter.api.AssertEquals.assertEquals(AssertEquals.java:150)
	at org.junit.jupiter.api.Assertions.assertEquals(Assertions.java:563)
	at com.supercharger.dao.ClienteDAOTest.testActualizarCliente(ClienteDAOTest.java:66)
	at java.base/java.lang.reflect.Method.invoke(Method.java:580)
	at java.base/java.util.ArrayList.forEach(ArrayList.java:1597)
	at java.base/java.util.ArrayList.forEach(ArrayList.java:1597)
]]></failure>
    <system-out><![CDATA[Hibernate: 
    /* insert for
        com.supercharger.model.Cliente */insert 
    into
        Cliente (documento,nombre,telefono,id) 
    values
        (?,?,?,default)
Hibernate: 
    /* 
from
    Cliente */ select
        c1_0.id,
        c1_0.documento,
        c1_0.nombre,
        c1_0.telefono 
    from
        Cliente c1_0
]]></system-out>
  </testcase>
</testsuite>